# TECT build log for Paper-TI-2 (2026-05-06T17:21:37.5995432+09:00)
[TECT-build] clean: removing aux/bbl/blg/toc/log/out for Paper-TI-2
[TECT-build] pass 1: pdflatex Paper-TI-2
This is pdfTeX, Version 3.141592653-2.6-1.40.29 (MiKTeX 26.2) (preloaded format=pdflatex.fmt)
 restricted \write18 enabled.
entering extended mode
(Paper-TI-2.tex
LaTeX2e <2025-11-01>
L3 programming layer <2026-03-20>
(../../papers/_shared/tect-preamble.tex
(C:\Users\jtkor\AppData\Roaming\MiKTeX\tex/latex/revtex\revtex4-2.cls
Document Class: revtex4-2 2022/06/05 4.2f (https://journals.aps.org/revtex/ for
 documentation)
ltxutil[2022/06/05 4.2f utilities package (portions licensed from W. E. Baxter 
web at superscript.com)]
ltxfront[2022/06/05 4.2f frontmatter package (AO,DPC,MD)]
ltxgrid[2022/06/05 4.2f page grid package (portions licensed from W. E. Baxter 
web at superscript.com)]
(C:\Users\jtkor\AppData\Roaming\MiKTeX\tex/latex/revtex\aps4-2.rtx)
(C:\Users\jtkor\AppData\Roaming\MiKTeX\tex/latex/revtex\aps11pt4-2.rtx)
(C:\Users\jtkor\AppData\Roaming\MiKTeX\tex/latex/textcase\textcase.sty)
(C:\Dev\LaTeX\MikTeX\tex/latex/amsfonts\amssymb.sty
(C:\Dev\LaTeX\MikTeX\tex/latex/amsfonts\amsfonts.sty))
(C:\Dev\LaTeX\MikTeX\tex/latex/amsmath\amsmath.sty
For additional information on amsmath, use the `?' option.
(C:\Dev\LaTeX\MikTeX\tex/latex/amsmath\amstext.sty
(C:\Dev\LaTeX\MikTeX\tex/latex/amsmath\amsgen.sty))
(C:\Dev\LaTeX\MikTeX\tex/latex/amsmath\amsbsy.sty)
(C:\Dev\LaTeX\MikTeX\tex/latex/amsmath\amsopn.sty))
(C:\Dev\LaTeX\MikTeX\tex/latex/url\url.sty)
(C:\Users\jtkor\AppData\Roaming\MiKTeX\tex/latex/natbib\natbib.sty)
(C:\Users\jtkor\AppData\Roaming\MiKTeX\tex/latex/revtex\revsymb4-2.sty))
(C:\Dev\LaTeX\MikTeX\tex/latex/base\fontenc.sty)
(C:\Dev\LaTeX\MikTeX\tex/latex/base\inputenc.sty)
(C:\Dev\LaTeX\MikTeX\tex/latex/lm\lmodern.sty)
(C:\Dev\LaTeX\MikTeX\tex/latex/base\textcomp.sty)
(C:\Users\jtkor\AppData\Roaming\MiKTeX\tex/latex/microtype\microtype.sty
(C:\Dev\LaTeX\MikTeX\tex/latex/graphics\keyval.sty)
(C:\Dev\LaTeX\MikTeX\tex/latex/etoolbox\etoolbox.sty)
(C:\Users\jtkor\AppData\Roaming\MiKTeX\tex/latex/microtype\microtype-pdftex.def
) (C:\Users\jtkor\AppData\Roaming\MiKTeX\tex/latex/microtype\microtype.cfg))
(C:\Dev\LaTeX\MikTeX\tex/latex/tools\bm.sty)
(C:\Users\jtkor\AppData\Roaming\MiKTeX\tex/latex/jknappen\mathrsfs.sty)
(C:\Users\jtkor\AppData\Roaming\MiKTeX\tex/latex/mathtools\mathtools.sty
(C:\Dev\LaTeX\MikTeX\tex/latex/tools\calc.sty)
(C:\Users\jtkor\AppData\Roaming\MiKTeX\tex/latex/mathtools\mhsetup.sty))
(C:\Users\jtkor\AppData\Roaming\MiKTeX\tex/latex/amscls\amsthm.sty)
(C:\Users\jtkor\AppData\Roaming\MiKTeX\tex/latex/booktabs\booktabs.sty)
(C:\Dev\LaTeX\MikTeX\tex/latex/tools\array.sty)
(C:\Dev\LaTeX\MikTeX\tex/latex/graphics\graphicx.sty
(C:\Dev\LaTeX\MikTeX\tex/latex/graphics\graphics.sty
(C:\Dev\LaTeX\MikTeX\tex/latex/graphics\trig.sty)
(C:\Dev\LaTeX\MikTeX\tex/latex/graphics-cfg\graphics.cfg)
(C:\Dev\LaTeX\MikTeX\tex/latex/graphics-def\pdftex.def)))
(C:\Users\jtkor\AppData\Roaming\MiKTeX\tex/latex/enumitem\enumitem.sty)
(C:\Users\jtkor\AppData\Roaming\MiKTeX\tex/latex/hyphenat\hyphenat.sty)
(C:\Users\jtkor\AppData\Roaming\MiKTeX\tex/latex/seqsplit\seqsplit.sty)
(C:\Dev\LaTeX\MikTeX\tex/latex/hyperref\hyperref.sty
(C:\Dev\LaTeX\MikTeX\tex/generic/iftex\iftex.sty)
(C:\Users\jtkor\AppData\Roaming\MiKTeX\tex/latex/kvsetkeys\kvsetkeys.sty)
(C:\Users\jtkor\AppData\Roaming\MiKTeX\tex/generic/kvdefinekeys\kvdefinekeys.st
y) (C:\Users\jtkor\AppData\Roaming\MiKTeX\tex/generic/pdfescape\pdfescape.sty
(C:\Users\jtkor\AppData\Roaming\MiKTeX\tex/generic/ltxcmds\ltxcmds.sty)
(C:\Dev\LaTeX\MikTeX\tex/generic/pdftexcmds\pdftexcmds.sty
(C:\Users\jtkor\AppData\Roaming\MiKTeX\tex/generic/infwarerr\infwarerr.sty)))
(C:\Users\jtkor\AppData\Roaming\MiKTeX\tex/latex/hycolor\hycolor.sty)
(C:\Dev\LaTeX\MikTeX\tex/latex/hyperref\nameref.sty
(C:\Users\jtkor\AppData\Roaming\MiKTeX\tex/latex/refcount\refcount.sty)
(C:\Users\jtkor\AppData\Roaming\MiKTeX\tex/generic/gettitlestring\gettitlestrin
g.sty (C:\Users\jtkor\AppData\Roaming\MiKTeX\tex/latex/kvoptions\kvoptions.sty)
)

Package nameref Warning: The definition of \label has changed! 
(nameref)                Check your packages! 
(nameref)                Replacing it with the kernel definition on input line 
161.

) (C:\Users\jtkor\AppData\Roaming\MiKTeX\tex/generic/stringenc\stringenc.sty)
(C:\Dev\LaTeX\MikTeX\tex/latex/hyperref\pd1enc.def)
(C:\Users\jtkor\AppData\Roaming\MiKTeX\tex/generic/intcalc\intcalc.sty)
(C:\Dev\LaTeX\MikTeX\tex/latex/hyperref\puenc.def)
(C:\Users\jtkor\AppData\Roaming\MiKTeX\tex/generic/bitset\bitset.sty
(C:\Users\jtkor\AppData\Roaming\MiKTeX\tex/generic/bigintcalc\bigintcalc.sty)))
(C:\Dev\LaTeX\MikTeX\tex/latex/hyperref\hpdftex.def
(C:\Users\jtkor\AppData\Roaming\MiKTeX\tex/latex/rerunfilecheck\rerunfilecheck.
sty
(C:\Users\jtkor\AppData\Roaming\MiKTeX\tex/generic/uniquecounter\uniquecounter.
sty))) (C:\Users\jtkor\AppData\Roaming\MiKTeX\tex/latex/cleveref\cleveref.sty)
==> First Aid for cleveref.sty applied!
) (C:\Dev\LaTeX\MikTeX\tex/latex/lm\t1lmr.fd)
(C:\Dev\LaTeX\MikTeX\tex/latex/l3backend\l3backend-pdftex.def)
No file Paper-TI-2.aux.
(C:\Users\jtkor\AppData\Roaming\MiKTeX\tex/latex/microtype\mt-cmr.cfg)
(C:\Dev\LaTeX\MikTeX\tex/context/base/mkii\supp-pdf.mkii
[Loading MPS to PDF converter (version 2006.09.02).]
) (C:\Dev\LaTeX\MikTeX\tex/latex/epstopdf-pkg\epstopdf-base.sty
(C:\Users\jtkor\AppData\Roaming\MiKTeX\tex/latex/grfext\grfext.sty)
(C:\Dev\LaTeX\MikTeX\tex/latex/00miktex\epstopdf-sys.cfg))
(C:\Dev\LaTeX\MikTeX\tex/latex/graphics\color.sty
(C:\Dev\LaTeX\MikTeX\tex/latex/graphics-cfg\color.cfg)
(C:\Dev\LaTeX\MikTeX\tex/latex/graphics\mathcolor.ltx))
(C:\Dev\LaTeX\MikTeX\tex/latex/lm\ot1lmr.fd)
(C:\Dev\LaTeX\MikTeX\tex/latex/lm\omllmm.fd)
(C:\Dev\LaTeX\MikTeX\tex/latex/lm\omslmsy.fd)
(C:\Dev\LaTeX\MikTeX\tex/latex/lm\omxlmex.fd)
(C:\Dev\LaTeX\MikTeX\tex/latex/amsfonts\umsa.fd)
(C:\Users\jtkor\AppData\Roaming\MiKTeX\tex/latex/microtype\mt-msa.cfg)
(C:\Dev\LaTeX\MikTeX\tex/latex/amsfonts\umsb.fd)
(C:\Users\jtkor\AppData\Roaming\MiKTeX\tex/latex/microtype\mt-msb.cfg)
(C:\Users\jtkor\AppData\Roaming\MiKTeX\tex/latex/jknappen\ursfs.fd)

Package hyperref Warning: Token not allowed in a PDF string (Unicode):
(hyperref)                removing `math shift' on input line 103.


Package hyperref Warning: Token not allowed in a PDF string (Unicode):
(hyperref)                removing `subscript' on input line 103.


Package hyperref Warning: Token not allowed in a PDF string (Unicode):
(hyperref)                removing `math shift' on input line 103.

[1{C:/Users/jtkor/AppData/Local/MiKTeX/fonts/map/pdftex/pdftex.map}{C:/Dev/LaTe
X/MikTeX/fonts/enc/dvips/lm/lm-ec.enc}{C:/Dev/LaTeX/MikTeX/fonts/enc/dvips/lm/l
m-rm.enc}{C:/Dev/LaTeX/MikTeX/fonts/enc/dvips/lm/lm-mathsy.enc}{C:/Dev/LaTeX/Mi
kTeX/fonts/enc/dvips/lm/lm-mathit.enc}]

LaTeX Warning: Reference `sec:setting' on page 2 undefined on input line 120.


LaTeX Warning: Reference `sec:proof' on page 2 undefined on input line 120.


LaTeX Warning: Reference `sec:multimode' on page 2 undefined on input line 125.



LaTeX Warning: Reference `sec:global12' on page 2 undefined on input line 130.


LaTeX Warning: Reference `sec:multishell' on page 2 undefined on input line 134
.

[2{C:/Dev/LaTeX/MikTeX/fonts/enc/dvips/lm/lm-mathex.enc}]

LaTeX Warning: Reference `sec:global12' on page 3 undefined on input line 204.


LaTeX Warning: Reference `rem:exclusion' on page 3 undefined on input line 205.



LaTeX Warning: Reference `sec:setting' on page 3 undefined on input line 220.


LaTeX Warning: Reference `thm:combinatorial' on page 3 undefined on input line 
224.


LaTeX Warning: Reference `prop:multimode' on page 3 undefined on input line 232
.


LaTeX Warning: Reference `thm:multishell' on page 3 undefined on input line 233
.

[3]

LaTeX Warning: Reference `eq:F' on page 4 undefined on input line 240.


LaTeX Warning: `h' float specifier changed to `ht'.

[4]

LaTeX Warning: Reference `eq:F' on page 5 undefined on input line 311.

[5] [6]

LaTeX Warning: Reference `thm:combinatorial' on page 7 undefined on input line 
475.

[7]

LaTeX Warning: Reference `rem:exclusion' on page 8 undefined on input line 542.


[8]

LaTeX Warning: Reference `thm:combinatorial' on page 9 undefined on input line 
546.


LaTeX Warning: Reference `thm:combinatorial' on page 9 undefined on input line 
547.


LaTeX Warning: Reference `thm:global12' on page 9 undefined on input line 548.


LaTeX Warning: Reference `thm:combinatorial' on page 9 undefined on input line 
584.


LaTeX Warning: Reference `eq:F-twoshell' on page 9 undefined on input line 603.



LaTeX Warning: Reference `eq:F' on page 9 undefined on input line 606.


LaTeX Warning: Reference `thm:main' on page 9 undefined on input line 607.


LaTeX Warning: Reference `thm:combinatorial' on page 9 undefined on input line 
608.

[9]

LaTeX Warning: Reference `thm:multishell' on page 10 undefined on input line 61
8.


LaTeX Warning: Reference `thm:main' on page 10 undefined on input line 619.


LaTeX Warning: Reference `thm:combinatorial' on page 10 undefined on input line
 619.


LaTeX Warning: Reference `thm:combinatorial' on page 10 undefined on input line
 634.


LaTeX Warning: Reference `prop:multimode' on page 10 undefined on input line 63
8.


LaTeX Warning: Reference `thm:global12' on page 10 undefined on input line 641.



LaTeX Warning: Reference `thm:multishell' on page 10 undefined on input line 64
6.


LaTeX Warning: Reference `cor:TECT-strong-dominance' on page 10 undefined on in
put line 648.

(C:\Dev\LaTeX\MikTeX\tex/latex/lm\t1lmtt.fd) [10]
No file Paper-TI-2.bbl.
[11] (Paper-TI-2.aux)

LaTeX Warning: There were undefined references.


LaTeX Warning: Label(s) may have changed. Rerun to get cross-references right.


Package rerunfilecheck Warning: File `Paper-TI-2.out' has changed.
(rerunfilecheck)                Rerun to get outlines right
(rerunfilecheck)                or use package `bookmark'.

 )<C:/Dev/LaTeX/MikTeX/fonts/type1/public/lm/lmbx10.pfb><C:/Dev/LaTeX/MikTeX/fo
nts/type1/public/lm/lmbx12.pfb><C:/Dev/LaTeX/MikTeX/fonts/type1/public/lm/lmbx8
.pfb><C:/Dev/LaTeX/MikTeX/fonts/type1/public/lm/lmbxi10.pfb><C:/Dev/LaTeX/MikTe
X/fonts/type1/public/lm/lmex10.pfb><C:/Dev/LaTeX/MikTeX/fonts/type1/public/lm/l
mmi10.pfb><C:/Dev/LaTeX/MikTeX/fonts/type1/public/lm/lmmi6.pfb><C:/Dev/LaTeX/Mi
kTeX/fonts/type1/public/lm/lmmi8.pfb><C:/Dev/LaTeX/MikTeX/fonts/type1/public/lm
/lmr10.pfb><C:/Dev/LaTeX/MikTeX/fonts/type1/public/lm/lmr6.pfb><C:/Dev/LaTeX/Mi
kTeX/fonts/type1/public/lm/lmr7.pfb><C:/Dev/LaTeX/MikTeX/fonts/type1/public/lm/
lmr8.pfb><C:/Dev/LaTeX/MikTeX/fonts/type1/public/lm/lmr9.pfb><C:/Dev/LaTeX/MikT
eX/fonts/type1/public/lm/lmri10.pfb><C:/Dev/LaTeX/MikTeX/fonts/type1/public/lm/
lmsy10.pfb><C:/Dev/LaTeX/MikTeX/fonts/type1/public/lm/lmsy6.pfb><C:/Dev/LaTeX/M
ikTeX/fonts/type1/public/lm/lmsy7.pfb><C:/Dev/LaTeX/MikTeX/fonts/type1/public/l
m/lmsy8.pfb><C:/Dev/LaTeX/MikTeX/fonts/type1/public/lm/lmtt10.pfb><C:/Dev/LaTeX
/MikTeX/fonts/type1/public/amsfonts/symbols/msam10.pfb><C:/Dev/LaTeX/MikTeX/fon
ts/type1/public/amsfonts/symbols/msbm10.pfb>
Output written on Paper-TI-2.pdf (11 pages, 415932 bytes).
Transcript written on Paper-TI-2.log.

[TECT-build] bibtex: SKIP (source has \bibliography{} but zero \cite{} ??bibtex would error spuriously)
[TECT-build] bibtex: SKIP (no \bibliography{} OR .bbl up-to-date OR -NoBibtex)
[TECT-build] pass 2: pdflatex Paper-TI-2
This is pdfTeX, Version 3.141592653-2.6-1.40.29 (MiKTeX 26.2) (preloaded format=pdflatex.fmt)
 restricted \write18 enabled.
entering extended mode
(Paper-TI-2.tex
LaTeX2e <2025-11-01>
L3 programming layer <2026-03-20>
(../../papers/_shared/tect-preamble.tex
(C:\Users\jtkor\AppData\Roaming\MiKTeX\tex/latex/revtex\revtex4-2.cls
Document Class: revtex4-2 2022/06/05 4.2f (https://journals.aps.org/revtex/ for
 documentation)
ltxutil[2022/06/05 4.2f utilities package (portions licensed from W. E. Baxter 
web at superscript.com)]
ltxfront[2022/06/05 4.2f frontmatter package (AO,DPC,MD)]
ltxgrid[2022/06/05 4.2f page grid package (portions licensed from W. E. Baxter 
web at superscript.com)]
(C:\Users\jtkor\AppData\Roaming\MiKTeX\tex/latex/revtex\aps4-2.rtx)
(C:\Users\jtkor\AppData\Roaming\MiKTeX\tex/latex/revtex\aps11pt4-2.rtx)
(C:\Users\jtkor\AppData\Roaming\MiKTeX\tex/latex/textcase\textcase.sty)
(C:\Dev\LaTeX\MikTeX\tex/latex/amsfonts\amssymb.sty
(C:\Dev\LaTeX\MikTeX\tex/latex/amsfonts\amsfonts.sty))
(C:\Dev\LaTeX\MikTeX\tex/latex/amsmath\amsmath.sty
For additional information on amsmath, use the `?' option.
(C:\Dev\LaTeX\MikTeX\tex/latex/amsmath\amstext.sty
(C:\Dev\LaTeX\MikTeX\tex/latex/amsmath\amsgen.sty))
(C:\Dev\LaTeX\MikTeX\tex/latex/amsmath\amsbsy.sty)
(C:\Dev\LaTeX\MikTeX\tex/latex/amsmath\amsopn.sty))
(C:\Dev\LaTeX\MikTeX\tex/latex/url\url.sty)
(C:\Users\jtkor\AppData\Roaming\MiKTeX\tex/latex/natbib\natbib.sty)
(C:\Users\jtkor\AppData\Roaming\MiKTeX\tex/latex/revtex\revsymb4-2.sty))
(C:\Dev\LaTeX\MikTeX\tex/latex/base\fontenc.sty)
(C:\Dev\LaTeX\MikTeX\tex/latex/base\inputenc.sty)
(C:\Dev\LaTeX\MikTeX\tex/latex/lm\lmodern.sty)
(C:\Dev\LaTeX\MikTeX\tex/latex/base\textcomp.sty)
(C:\Users\jtkor\AppData\Roaming\MiKTeX\tex/latex/microtype\microtype.sty
(C:\Dev\LaTeX\MikTeX\tex/latex/graphics\keyval.sty)
(C:\Dev\LaTeX\MikTeX\tex/latex/etoolbox\etoolbox.sty)
(C:\Users\jtkor\AppData\Roaming\MiKTeX\tex/latex/microtype\microtype-pdftex.def
) (C:\Users\jtkor\AppData\Roaming\MiKTeX\tex/latex/microtype\microtype.cfg))
(C:\Dev\LaTeX\MikTeX\tex/latex/tools\bm.sty)
(C:\Users\jtkor\AppData\Roaming\MiKTeX\tex/latex/jknappen\mathrsfs.sty)
(C:\Users\jtkor\AppData\Roaming\MiKTeX\tex/latex/mathtools\mathtools.sty
(C:\Dev\LaTeX\MikTeX\tex/latex/tools\calc.sty)
(C:\Users\jtkor\AppData\Roaming\MiKTeX\tex/latex/mathtools\mhsetup.sty))
(C:\Users\jtkor\AppData\Roaming\MiKTeX\tex/latex/amscls\amsthm.sty)
(C:\Users\jtkor\AppData\Roaming\MiKTeX\tex/latex/booktabs\booktabs.sty)
(C:\Dev\LaTeX\MikTeX\tex/latex/tools\array.sty)
(C:\Dev\LaTeX\MikTeX\tex/latex/graphics\graphicx.sty
(C:\Dev\LaTeX\MikTeX\tex/latex/graphics\graphics.sty
(C:\Dev\LaTeX\MikTeX\tex/latex/graphics\trig.sty)
(C:\Dev\LaTeX\MikTeX\tex/latex/graphics-cfg\graphics.cfg)
(C:\Dev\LaTeX\MikTeX\tex/latex/graphics-def\pdftex.def)))
(C:\Users\jtkor\AppData\Roaming\MiKTeX\tex/latex/enumitem\enumitem.sty)
(C:\Users\jtkor\AppData\Roaming\MiKTeX\tex/latex/hyphenat\hyphenat.sty)
(C:\Users\jtkor\AppData\Roaming\MiKTeX\tex/latex/seqsplit\seqsplit.sty)
(C:\Dev\LaTeX\MikTeX\tex/latex/hyperref\hyperref.sty
(C:\Dev\LaTeX\MikTeX\tex/generic/iftex\iftex.sty)
(C:\Users\jtkor\AppData\Roaming\MiKTeX\tex/latex/kvsetkeys\kvsetkeys.sty)
(C:\Users\jtkor\AppData\Roaming\MiKTeX\tex/generic/kvdefinekeys\kvdefinekeys.st
y) (C:\Users\jtkor\AppData\Roaming\MiKTeX\tex/generic/pdfescape\pdfescape.sty
(C:\Users\jtkor\AppData\Roaming\MiKTeX\tex/generic/ltxcmds\ltxcmds.sty)
(C:\Dev\LaTeX\MikTeX\tex/generic/pdftexcmds\pdftexcmds.sty
(C:\Users\jtkor\AppData\Roaming\MiKTeX\tex/generic/infwarerr\infwarerr.sty)))
(C:\Users\jtkor\AppData\Roaming\MiKTeX\tex/latex/hycolor\hycolor.sty)
(C:\Dev\LaTeX\MikTeX\tex/latex/hyperref\nameref.sty
(C:\Users\jtkor\AppData\Roaming\MiKTeX\tex/latex/refcount\refcount.sty)
(C:\Users\jtkor\AppData\Roaming\MiKTeX\tex/generic/gettitlestring\gettitlestrin
g.sty (C:\Users\jtkor\AppData\Roaming\MiKTeX\tex/latex/kvoptions\kvoptions.sty)
)

Package nameref Warning: The definition of \label has changed! 
(nameref)                Check your packages! 
(nameref)                Replacing it with the kernel definition on input line 
161.

) (C:\Users\jtkor\AppData\Roaming\MiKTeX\tex/generic/stringenc\stringenc.sty)
(C:\Dev\LaTeX\MikTeX\tex/latex/hyperref\pd1enc.def)
(C:\Users\jtkor\AppData\Roaming\MiKTeX\tex/generic/intcalc\intcalc.sty)
(C:\Dev\LaTeX\MikTeX\tex/latex/hyperref\puenc.def)
(C:\Users\jtkor\AppData\Roaming\MiKTeX\tex/generic/bitset\bitset.sty
(C:\Users\jtkor\AppData\Roaming\MiKTeX\tex/generic/bigintcalc\bigintcalc.sty)))
(C:\Dev\LaTeX\MikTeX\tex/latex/hyperref\hpdftex.def
(C:\Users\jtkor\AppData\Roaming\MiKTeX\tex/latex/rerunfilecheck\rerunfilecheck.
sty
(C:\Users\jtkor\AppData\Roaming\MiKTeX\tex/generic/uniquecounter\uniquecounter.
sty))) (C:\Users\jtkor\AppData\Roaming\MiKTeX\tex/latex/cleveref\cleveref.sty)
==> First Aid for cleveref.sty applied!
) (C:\Dev\LaTeX\MikTeX\tex/latex/lm\t1lmr.fd)
(C:\Dev\LaTeX\MikTeX\tex/latex/l3backend\l3backend-pdftex.def) (Paper-TI-2.aux)
(C:\Users\jtkor\AppData\Roaming\MiKTeX\tex/latex/microtype\mt-cmr.cfg)
(C:\Dev\LaTeX\MikTeX\tex/context/base/mkii\supp-pdf.mkii
[Loading MPS to PDF converter (version 2006.09.02).]
) (C:\Dev\LaTeX\MikTeX\tex/latex/epstopdf-pkg\epstopdf-base.sty
(C:\Users\jtkor\AppData\Roaming\MiKTeX\tex/latex/grfext\grfext.sty)
(C:\Dev\LaTeX\MikTeX\tex/latex/00miktex\epstopdf-sys.cfg))
(C:\Dev\LaTeX\MikTeX\tex/latex/graphics\color.sty
(C:\Dev\LaTeX\MikTeX\tex/latex/graphics-cfg\color.cfg)
(C:\Dev\LaTeX\MikTeX\tex/latex/graphics\mathcolor.ltx)) (Paper-TI-2.out)
(Paper-TI-2.out) (C:\Dev\LaTeX\MikTeX\tex/latex/lm\ot1lmr.fd)
(C:\Dev\LaTeX\MikTeX\tex/latex/lm\omllmm.fd)
(C:\Dev\LaTeX\MikTeX\tex/latex/lm\omslmsy.fd)
(C:\Dev\LaTeX\MikTeX\tex/latex/lm\omxlmex.fd)
(C:\Dev\LaTeX\MikTeX\tex/latex/amsfonts\umsa.fd)
(C:\Users\jtkor\AppData\Roaming\MiKTeX\tex/latex/microtype\mt-msa.cfg)
(C:\Dev\LaTeX\MikTeX\tex/latex/amsfonts\umsb.fd)
(C:\Users\jtkor\AppData\Roaming\MiKTeX\tex/latex/microtype\mt-msb.cfg)
(C:\Users\jtkor\AppData\Roaming\MiKTeX\tex/latex/jknappen\ursfs.fd)

Package hyperref Warning: Token not allowed in a PDF string (Unicode):
(hyperref)                removing `math shift' on input line 103.


Package hyperref Warning: Token not allowed in a PDF string (Unicode):
(hyperref)                removing `subscript' on input line 103.


Package hyperref Warning: Token not allowed in a PDF string (Unicode):
(hyperref)                removing `math shift' on input line 103.

[1{C:/Users/jtkor/AppData/Local/MiKTeX/fonts/map/pdftex/pdftex.map}{C:/Dev/LaTe
X/MikTeX/fonts/enc/dvips/lm/lm-ec.enc}{C:/Dev/LaTeX/MikTeX/fonts/enc/dvips/lm/l
m-rm.enc}{C:/Dev/LaTeX/MikTeX/fonts/enc/dvips/lm/lm-mathsy.enc}{C:/Dev/LaTeX/Mi
kTeX/fonts/enc/dvips/lm/lm-mathit.enc}] [2{C:/Dev/LaTeX/MikTeX/fonts/enc/dvips/
lm/lm-mathex.enc}] [3]

LaTeX Warning: `h' float specifier changed to `ht'.

[4] [5] [6] [7] [8] [9] (C:\Dev\LaTeX\MikTeX\tex/latex/lm\t1lmtt.fd) [10]
No file Paper-TI-2.bbl.
[11] (Paper-TI-2.aux) )<C:/Dev/LaTeX/MikTeX/fonts/type1/public/lm/lmbx10.pfb><C
:/Dev/LaTeX/MikTeX/fonts/type1/public/lm/lmbx12.pfb><C:/Dev/LaTeX/MikTeX/fonts/
type1/public/lm/lmbx8.pfb><C:/Dev/LaTeX/MikTeX/fonts/type1/public/lm/lmbxi10.pf
b><C:/Dev/LaTeX/MikTeX/fonts/type1/public/lm/lmex10.pfb><C:/Dev/LaTeX/MikTeX/fo
nts/type1/public/lm/lmmi10.pfb><C:/Dev/LaTeX/MikTeX/fonts/type1/public/lm/lmmi6
.pfb><C:/Dev/LaTeX/MikTeX/fonts/type1/public/lm/lmmi8.pfb><C:/Dev/LaTeX/MikTeX/
fonts/type1/public/lm/lmr10.pfb><C:/Dev/LaTeX/MikTeX/fonts/type1/public/lm/lmr6
.pfb><C:/Dev/LaTeX/MikTeX/fonts/type1/public/lm/lmr7.pfb><C:/Dev/LaTeX/MikTeX/f
onts/type1/public/lm/lmr8.pfb><C:/Dev/LaTeX/MikTeX/fonts/type1/public/lm/lmr9.p
fb><C:/Dev/LaTeX/MikTeX/fonts/type1/public/lm/lmri10.pfb><C:/Dev/LaTeX/MikTeX/f
onts/type1/public/lm/lmsy10.pfb><C:/Dev/LaTeX/MikTeX/fonts/type1/public/lm/lmsy
6.pfb><C:/Dev/LaTeX/MikTeX/fonts/type1/public/lm/lmsy7.pfb><C:/Dev/LaTeX/MikTeX
/fonts/type1/public/lm/lmsy8.pfb><C:/Dev/LaTeX/MikTeX/fonts/type1/public/lm/lmt
t10.pfb><C:/Dev/LaTeX/MikTeX/fonts/type1/public/amsfonts/symbols/msam10.pfb><C:
/Dev/LaTeX/MikTeX/fonts/type1/public/amsfonts/symbols/msbm10.pfb>
Output written on Paper-TI-2.pdf (11 pages, 429785 bytes).
Transcript written on Paper-TI-2.log.

[TECT-build] OK: C:\Dev\TECT2\Contents\Docs\papers\top_impact\Paper-TI-2-BCC-Uniqueness\Paper-TI-2.pdf  (size = 419.7 KB)
