# TECT build log for Paper-TI-4 (2026-05-06T17:21:54.4662876+09:00)
[TECT-build] clean: removing aux/bbl/blg/toc/log/out for Paper-TI-4
[TECT-build] pass 1: pdflatex Paper-TI-4
This is pdfTeX, Version 3.141592653-2.6-1.40.29 (MiKTeX 26.2) (preloaded format=pdflatex.fmt)
 restricted \write18 enabled.
entering extended mode
(Paper-TI-4.tex
LaTeX2e <2025-11-01>
L3 programming layer <2026-03-20>
(../../papers/_shared/tect-preamble.tex
(C:\Users\jtkor\AppData\Roaming\MiKTeX\tex/latex/revtex\revtex4-2.cls
Document Class: revtex4-2 2022/06/05 4.2f (https://journals.aps.org/revtex/ for
 documentation)
ltxutil[2022/06/05 4.2f utilities package (portions licensed from W. E. Baxter 
web at superscript.com)]
ltxfront[2022/06/05 4.2f frontmatter package (AO,DPC,MD)]
ltxgrid[2022/06/05 4.2f page grid package (portions licensed from W. E. Baxter 
web at superscript.com)]
(C:\Users\jtkor\AppData\Roaming\MiKTeX\tex/latex/revtex\aps4-2.rtx)
(C:\Users\jtkor\AppData\Roaming\MiKTeX\tex/latex/revtex\aps11pt4-2.rtx)
(C:\Users\jtkor\AppData\Roaming\MiKTeX\tex/latex/textcase\textcase.sty)
(C:\Dev\LaTeX\MikTeX\tex/latex/amsfonts\amssymb.sty
(C:\Dev\LaTeX\MikTeX\tex/latex/amsfonts\amsfonts.sty))
(C:\Dev\LaTeX\MikTeX\tex/latex/amsmath\amsmath.sty
For additional information on amsmath, use the `?' option.
(C:\Dev\LaTeX\MikTeX\tex/latex/amsmath\amstext.sty
(C:\Dev\LaTeX\MikTeX\tex/latex/amsmath\amsgen.sty))
(C:\Dev\LaTeX\MikTeX\tex/latex/amsmath\amsbsy.sty)
(C:\Dev\LaTeX\MikTeX\tex/latex/amsmath\amsopn.sty))
(C:\Dev\LaTeX\MikTeX\tex/latex/url\url.sty)
(C:\Users\jtkor\AppData\Roaming\MiKTeX\tex/latex/natbib\natbib.sty)
(C:\Users\jtkor\AppData\Roaming\MiKTeX\tex/latex/revtex\revsymb4-2.sty))
(C:\Dev\LaTeX\MikTeX\tex/latex/base\fontenc.sty)
(C:\Dev\LaTeX\MikTeX\tex/latex/base\inputenc.sty)
(C:\Dev\LaTeX\MikTeX\tex/latex/lm\lmodern.sty)
(C:\Dev\LaTeX\MikTeX\tex/latex/base\textcomp.sty)
(C:\Users\jtkor\AppData\Roaming\MiKTeX\tex/latex/microtype\microtype.sty
(C:\Dev\LaTeX\MikTeX\tex/latex/graphics\keyval.sty)
(C:\Dev\LaTeX\MikTeX\tex/latex/etoolbox\etoolbox.sty)
(C:\Users\jtkor\AppData\Roaming\MiKTeX\tex/latex/microtype\microtype-pdftex.def
) (C:\Users\jtkor\AppData\Roaming\MiKTeX\tex/latex/microtype\microtype.cfg))
(C:\Dev\LaTeX\MikTeX\tex/latex/tools\bm.sty)
(C:\Users\jtkor\AppData\Roaming\MiKTeX\tex/latex/jknappen\mathrsfs.sty)
(C:\Users\jtkor\AppData\Roaming\MiKTeX\tex/latex/mathtools\mathtools.sty
(C:\Dev\LaTeX\MikTeX\tex/latex/tools\calc.sty)
(C:\Users\jtkor\AppData\Roaming\MiKTeX\tex/latex/mathtools\mhsetup.sty))
(C:\Users\jtkor\AppData\Roaming\MiKTeX\tex/latex/amscls\amsthm.sty)
(C:\Users\jtkor\AppData\Roaming\MiKTeX\tex/latex/booktabs\booktabs.sty)
(C:\Dev\LaTeX\MikTeX\tex/latex/tools\array.sty)
(C:\Dev\LaTeX\MikTeX\tex/latex/graphics\graphicx.sty
(C:\Dev\LaTeX\MikTeX\tex/latex/graphics\graphics.sty
(C:\Dev\LaTeX\MikTeX\tex/latex/graphics\trig.sty)
(C:\Dev\LaTeX\MikTeX\tex/latex/graphics-cfg\graphics.cfg)
(C:\Dev\LaTeX\MikTeX\tex/latex/graphics-def\pdftex.def)))
(C:\Users\jtkor\AppData\Roaming\MiKTeX\tex/latex/enumitem\enumitem.sty)
(C:\Users\jtkor\AppData\Roaming\MiKTeX\tex/latex/hyphenat\hyphenat.sty)
(C:\Users\jtkor\AppData\Roaming\MiKTeX\tex/latex/seqsplit\seqsplit.sty)
(C:\Dev\LaTeX\MikTeX\tex/latex/hyperref\hyperref.sty
(C:\Dev\LaTeX\MikTeX\tex/generic/iftex\iftex.sty)
(C:\Users\jtkor\AppData\Roaming\MiKTeX\tex/latex/kvsetkeys\kvsetkeys.sty)
(C:\Users\jtkor\AppData\Roaming\MiKTeX\tex/generic/kvdefinekeys\kvdefinekeys.st
y) (C:\Users\jtkor\AppData\Roaming\MiKTeX\tex/generic/pdfescape\pdfescape.sty
(C:\Users\jtkor\AppData\Roaming\MiKTeX\tex/generic/ltxcmds\ltxcmds.sty)
(C:\Dev\LaTeX\MikTeX\tex/generic/pdftexcmds\pdftexcmds.sty
(C:\Users\jtkor\AppData\Roaming\MiKTeX\tex/generic/infwarerr\infwarerr.sty)))
(C:\Users\jtkor\AppData\Roaming\MiKTeX\tex/latex/hycolor\hycolor.sty)
(C:\Dev\LaTeX\MikTeX\tex/latex/hyperref\nameref.sty
(C:\Users\jtkor\AppData\Roaming\MiKTeX\tex/latex/refcount\refcount.sty)
(C:\Users\jtkor\AppData\Roaming\MiKTeX\tex/generic/gettitlestring\gettitlestrin
g.sty (C:\Users\jtkor\AppData\Roaming\MiKTeX\tex/latex/kvoptions\kvoptions.sty)
)

Package nameref Warning: The definition of \label has changed! 
(nameref)                Check your packages! 
(nameref)                Replacing it with the kernel definition on input line 
161.

) (C:\Users\jtkor\AppData\Roaming\MiKTeX\tex/generic/stringenc\stringenc.sty)
(C:\Dev\LaTeX\MikTeX\tex/latex/hyperref\pd1enc.def)
(C:\Users\jtkor\AppData\Roaming\MiKTeX\tex/generic/intcalc\intcalc.sty)
(C:\Dev\LaTeX\MikTeX\tex/latex/hyperref\puenc.def)
(C:\Users\jtkor\AppData\Roaming\MiKTeX\tex/generic/bitset\bitset.sty
(C:\Users\jtkor\AppData\Roaming\MiKTeX\tex/generic/bigintcalc\bigintcalc.sty)))
(C:\Dev\LaTeX\MikTeX\tex/latex/hyperref\hpdftex.def
(C:\Users\jtkor\AppData\Roaming\MiKTeX\tex/latex/rerunfilecheck\rerunfilecheck.
sty
(C:\Users\jtkor\AppData\Roaming\MiKTeX\tex/generic/uniquecounter\uniquecounter.
sty))) (C:\Users\jtkor\AppData\Roaming\MiKTeX\tex/latex/cleveref\cleveref.sty)
==> First Aid for cleveref.sty applied!
) (C:\Dev\LaTeX\MikTeX\tex/latex/lm\t1lmr.fd)
(C:\Dev\LaTeX\MikTeX\tex/latex/l3backend\l3backend-pdftex.def)
No file Paper-TI-4.aux.
(C:\Users\jtkor\AppData\Roaming\MiKTeX\tex/latex/microtype\mt-cmr.cfg)
(C:\Dev\LaTeX\MikTeX\tex/context/base/mkii\supp-pdf.mkii
[Loading MPS to PDF converter (version 2006.09.02).]
) (C:\Dev\LaTeX\MikTeX\tex/latex/epstopdf-pkg\epstopdf-base.sty
(C:\Users\jtkor\AppData\Roaming\MiKTeX\tex/latex/grfext\grfext.sty)
(C:\Dev\LaTeX\MikTeX\tex/latex/00miktex\epstopdf-sys.cfg))
(C:\Dev\LaTeX\MikTeX\tex/latex/graphics\color.sty
(C:\Dev\LaTeX\MikTeX\tex/latex/graphics-cfg\color.cfg)
(C:\Dev\LaTeX\MikTeX\tex/latex/graphics\mathcolor.ltx))
(C:\Dev\LaTeX\MikTeX\tex/latex/lm\ot1lmr.fd)
(C:\Dev\LaTeX\MikTeX\tex/latex/lm\omllmm.fd)
(C:\Dev\LaTeX\MikTeX\tex/latex/lm\omslmsy.fd)
(C:\Dev\LaTeX\MikTeX\tex/latex/lm\omxlmex.fd)
(C:\Dev\LaTeX\MikTeX\tex/latex/amsfonts\umsa.fd)
(C:\Users\jtkor\AppData\Roaming\MiKTeX\tex/latex/microtype\mt-msa.cfg)
(C:\Dev\LaTeX\MikTeX\tex/latex/amsfonts\umsb.fd)
(C:\Users\jtkor\AppData\Roaming\MiKTeX\tex/latex/microtype\mt-msb.cfg)
(C:\Users\jtkor\AppData\Roaming\MiKTeX\tex/latex/jknappen\ursfs.fd)

Package hyperref Warning: Token not allowed in a PDF string (Unicode):
(hyperref)                removing `math shift' on input line 60.


Package hyperref Warning: Token not allowed in a PDF string (Unicode):
(hyperref)                removing `superscript' on input line 60.


Package hyperref Warning: Token not allowed in a PDF string (Unicode):
(hyperref)                removing `math shift' on input line 60.


Package hyperref Warning: Token not allowed in a PDF string (Unicode):
(hyperref)                removing `math shift' on input line 60.


Package hyperref Warning: Token not allowed in a PDF string (Unicode):
(hyperref)                removing `superscript' on input line 60.


Package hyperref Warning: Token not allowed in a PDF string (Unicode):
(hyperref)                removing `math shift' on input line 60.

[1{C:/Users/jtkor/AppData/Local/MiKTeX/fonts/map/pdftex/pdftex.map}{C:/Dev/LaTe
X/MikTeX/fonts/enc/dvips/lm/lm-ec.enc}{C:/Dev/LaTeX/MikTeX/fonts/enc/dvips/lm/l
m-rm.enc}{C:/Dev/LaTeX/MikTeX/fonts/enc/dvips/lm/lm-mathsy.enc}{C:/Dev/LaTeX/Mi
kTeX/fonts/enc/dvips/lm/lm-mathit.enc}]

Package hyperref Warning: Token not allowed in a PDF string (Unicode):
(hyperref)                removing `math shift' on input line 103.


Package hyperref Warning: Token not allowed in a PDF string (Unicode):
(hyperref)                removing `superscript' on input line 103.


Package hyperref Warning: Token not allowed in a PDF string (Unicode):
(hyperref)                removing `math shift' on input line 103.

[2]
Overfull \hbox (0.68016pt too wide) in paragraph at lines 169--170
 []\T1/lmr/m/it/10.95 (-20) b. Step 2 (Picard-group classification via exponent
ial sequence).[] \T1/lmr/m/n/10.95 (-20) The exponential sheaf sequence 
[3]

Package hyperref Warning: Token not allowed in a PDF string (Unicode):
(hyperref)                removing `math shift' on input line 212.


Package hyperref Warning: Token not allowed in a PDF string (Unicode):
(hyperref)                removing `superscript' on input line 212.


Package hyperref Warning: Token not allowed in a PDF string (Unicode):
(hyperref)                removing `math shift' on input line 212.


LaTeX Warning: Reference `thm:main' on page 4 undefined on input line 233.


LaTeX Warning: Reference `cor:auxiliary' on page 4 undefined on input line 243.


[4] (C:\Dev\LaTeX\MikTeX\tex/latex/lm\t1lmtt.fd)
No file Paper-TI-4.bbl.
[5] (Paper-TI-4.aux)

LaTeX Warning: There were undefined references.


LaTeX Warning: Label(s) may have changed. Rerun to get cross-references right.


Package rerunfilecheck Warning: File `Paper-TI-4.out' has changed.
(rerunfilecheck)                Rerun to get outlines right
(rerunfilecheck)                or use package `bookmark'.

 )
(see the transcript file for additional information)<C:/Dev/LaTeX/MikTeX/fonts/
type1/public/lm/lmbx10.pfb><C:/Dev/LaTeX/MikTeX/fonts/type1/public/lm/lmbx12.pf
b><C:/Dev/LaTeX/MikTeX/fonts/type1/public/lm/lmmi10.pfb><C:/Dev/LaTeX/MikTeX/fo
nts/type1/public/lm/lmmi8.pfb><C:/Dev/LaTeX/MikTeX/fonts/type1/public/lm/lmr10.
pfb><C:/Dev/LaTeX/MikTeX/fonts/type1/public/lm/lmr6.pfb><C:/Dev/LaTeX/MikTeX/fo
nts/type1/public/lm/lmr7.pfb><C:/Dev/LaTeX/MikTeX/fonts/type1/public/lm/lmr8.pf
b><C:/Dev/LaTeX/MikTeX/fonts/type1/public/lm/lmr9.pfb><C:/Dev/LaTeX/MikTeX/font
s/type1/public/lm/lmri10.pfb><C:/Dev/LaTeX/MikTeX/fonts/type1/public/lm/lmsy10.
pfb><C:/Dev/LaTeX/MikTeX/fonts/type1/public/lm/lmsy6.pfb><C:/Dev/LaTeX/MikTeX/f
onts/type1/public/lm/lmsy8.pfb><C:/Dev/LaTeX/MikTeX/fonts/type1/public/lm/lmtt1
0.pfb><C:/Dev/LaTeX/MikTeX/fonts/type1/public/amsfonts/symbols/msbm10.pfb>
Output written on Paper-TI-4.pdf (5 pages, 284843 bytes).
Transcript written on Paper-TI-4.log.

[TECT-build] bibtex: SKIP (source has \bibliography{} but zero \cite{} ??bibtex would error spuriously)
[TECT-build] bibtex: SKIP (no \bibliography{} OR .bbl up-to-date OR -NoBibtex)
[TECT-build] pass 2: pdflatex Paper-TI-4
This is pdfTeX, Version 3.141592653-2.6-1.40.29 (MiKTeX 26.2) (preloaded format=pdflatex.fmt)
 restricted \write18 enabled.
entering extended mode
(Paper-TI-4.tex
LaTeX2e <2025-11-01>
L3 programming layer <2026-03-20>
(../../papers/_shared/tect-preamble.tex
(C:\Users\jtkor\AppData\Roaming\MiKTeX\tex/latex/revtex\revtex4-2.cls
Document Class: revtex4-2 2022/06/05 4.2f (https://journals.aps.org/revtex/ for
 documentation)
ltxutil[2022/06/05 4.2f utilities package (portions licensed from W. E. Baxter 
web at superscript.com)]
ltxfront[2022/06/05 4.2f frontmatter package (AO,DPC,MD)]
ltxgrid[2022/06/05 4.2f page grid package (portions licensed from W. E. Baxter 
web at superscript.com)]
(C:\Users\jtkor\AppData\Roaming\MiKTeX\tex/latex/revtex\aps4-2.rtx)
(C:\Users\jtkor\AppData\Roaming\MiKTeX\tex/latex/revtex\aps11pt4-2.rtx)
(C:\Users\jtkor\AppData\Roaming\MiKTeX\tex/latex/textcase\textcase.sty)
(C:\Dev\LaTeX\MikTeX\tex/latex/amsfonts\amssymb.sty
(C:\Dev\LaTeX\MikTeX\tex/latex/amsfonts\amsfonts.sty))
(C:\Dev\LaTeX\MikTeX\tex/latex/amsmath\amsmath.sty
For additional information on amsmath, use the `?' option.
(C:\Dev\LaTeX\MikTeX\tex/latex/amsmath\amstext.sty
(C:\Dev\LaTeX\MikTeX\tex/latex/amsmath\amsgen.sty))
(C:\Dev\LaTeX\MikTeX\tex/latex/amsmath\amsbsy.sty)
(C:\Dev\LaTeX\MikTeX\tex/latex/amsmath\amsopn.sty))
(C:\Dev\LaTeX\MikTeX\tex/latex/url\url.sty)
(C:\Users\jtkor\AppData\Roaming\MiKTeX\tex/latex/natbib\natbib.sty)
(C:\Users\jtkor\AppData\Roaming\MiKTeX\tex/latex/revtex\revsymb4-2.sty))
(C:\Dev\LaTeX\MikTeX\tex/latex/base\fontenc.sty)
(C:\Dev\LaTeX\MikTeX\tex/latex/base\inputenc.sty)
(C:\Dev\LaTeX\MikTeX\tex/latex/lm\lmodern.sty)
(C:\Dev\LaTeX\MikTeX\tex/latex/base\textcomp.sty)
(C:\Users\jtkor\AppData\Roaming\MiKTeX\tex/latex/microtype\microtype.sty
(C:\Dev\LaTeX\MikTeX\tex/latex/graphics\keyval.sty)
(C:\Dev\LaTeX\MikTeX\tex/latex/etoolbox\etoolbox.sty)
(C:\Users\jtkor\AppData\Roaming\MiKTeX\tex/latex/microtype\microtype-pdftex.def
) (C:\Users\jtkor\AppData\Roaming\MiKTeX\tex/latex/microtype\microtype.cfg))
(C:\Dev\LaTeX\MikTeX\tex/latex/tools\bm.sty)
(C:\Users\jtkor\AppData\Roaming\MiKTeX\tex/latex/jknappen\mathrsfs.sty)
(C:\Users\jtkor\AppData\Roaming\MiKTeX\tex/latex/mathtools\mathtools.sty
(C:\Dev\LaTeX\MikTeX\tex/latex/tools\calc.sty)
(C:\Users\jtkor\AppData\Roaming\MiKTeX\tex/latex/mathtools\mhsetup.sty))
(C:\Users\jtkor\AppData\Roaming\MiKTeX\tex/latex/amscls\amsthm.sty)
(C:\Users\jtkor\AppData\Roaming\MiKTeX\tex/latex/booktabs\booktabs.sty)
(C:\Dev\LaTeX\MikTeX\tex/latex/tools\array.sty)
(C:\Dev\LaTeX\MikTeX\tex/latex/graphics\graphicx.sty
(C:\Dev\LaTeX\MikTeX\tex/latex/graphics\graphics.sty
(C:\Dev\LaTeX\MikTeX\tex/latex/graphics\trig.sty)
(C:\Dev\LaTeX\MikTeX\tex/latex/graphics-cfg\graphics.cfg)
(C:\Dev\LaTeX\MikTeX\tex/latex/graphics-def\pdftex.def)))
(C:\Users\jtkor\AppData\Roaming\MiKTeX\tex/latex/enumitem\enumitem.sty)
(C:\Users\jtkor\AppData\Roaming\MiKTeX\tex/latex/hyphenat\hyphenat.sty)
(C:\Users\jtkor\AppData\Roaming\MiKTeX\tex/latex/seqsplit\seqsplit.sty)
(C:\Dev\LaTeX\MikTeX\tex/latex/hyperref\hyperref.sty
(C:\Dev\LaTeX\MikTeX\tex/generic/iftex\iftex.sty)
(C:\Users\jtkor\AppData\Roaming\MiKTeX\tex/latex/kvsetkeys\kvsetkeys.sty)
(C:\Users\jtkor\AppData\Roaming\MiKTeX\tex/generic/kvdefinekeys\kvdefinekeys.st
y) (C:\Users\jtkor\AppData\Roaming\MiKTeX\tex/generic/pdfescape\pdfescape.sty
(C:\Users\jtkor\AppData\Roaming\MiKTeX\tex/generic/ltxcmds\ltxcmds.sty)
(C:\Dev\LaTeX\MikTeX\tex/generic/pdftexcmds\pdftexcmds.sty
(C:\Users\jtkor\AppData\Roaming\MiKTeX\tex/generic/infwarerr\infwarerr.sty)))
(C:\Users\jtkor\AppData\Roaming\MiKTeX\tex/latex/hycolor\hycolor.sty)
(C:\Dev\LaTeX\MikTeX\tex/latex/hyperref\nameref.sty
(C:\Users\jtkor\AppData\Roaming\MiKTeX\tex/latex/refcount\refcount.sty)
(C:\Users\jtkor\AppData\Roaming\MiKTeX\tex/generic/gettitlestring\gettitlestrin
g.sty (C:\Users\jtkor\AppData\Roaming\MiKTeX\tex/latex/kvoptions\kvoptions.sty)
)

Package nameref Warning: The definition of \label has changed! 
(nameref)                Check your packages! 
(nameref)                Replacing it with the kernel definition on input line 
161.

) (C:\Users\jtkor\AppData\Roaming\MiKTeX\tex/generic/stringenc\stringenc.sty)
(C:\Dev\LaTeX\MikTeX\tex/latex/hyperref\pd1enc.def)
(C:\Users\jtkor\AppData\Roaming\MiKTeX\tex/generic/intcalc\intcalc.sty)
(C:\Dev\LaTeX\MikTeX\tex/latex/hyperref\puenc.def)
(C:\Users\jtkor\AppData\Roaming\MiKTeX\tex/generic/bitset\bitset.sty
(C:\Users\jtkor\AppData\Roaming\MiKTeX\tex/generic/bigintcalc\bigintcalc.sty)))
(C:\Dev\LaTeX\MikTeX\tex/latex/hyperref\hpdftex.def
(C:\Users\jtkor\AppData\Roaming\MiKTeX\tex/latex/rerunfilecheck\rerunfilecheck.
sty
(C:\Users\jtkor\AppData\Roaming\MiKTeX\tex/generic/uniquecounter\uniquecounter.
sty))) (C:\Users\jtkor\AppData\Roaming\MiKTeX\tex/latex/cleveref\cleveref.sty)
==> First Aid for cleveref.sty applied!
) (C:\Dev\LaTeX\MikTeX\tex/latex/lm\t1lmr.fd)
(C:\Dev\LaTeX\MikTeX\tex/latex/l3backend\l3backend-pdftex.def) (Paper-TI-4.aux)
(C:\Users\jtkor\AppData\Roaming\MiKTeX\tex/latex/microtype\mt-cmr.cfg)
(C:\Dev\LaTeX\MikTeX\tex/context/base/mkii\supp-pdf.mkii
[Loading MPS to PDF converter (version 2006.09.02).]
) (C:\Dev\LaTeX\MikTeX\tex/latex/epstopdf-pkg\epstopdf-base.sty
(C:\Users\jtkor\AppData\Roaming\MiKTeX\tex/latex/grfext\grfext.sty)
(C:\Dev\LaTeX\MikTeX\tex/latex/00miktex\epstopdf-sys.cfg))
(C:\Dev\LaTeX\MikTeX\tex/latex/graphics\color.sty
(C:\Dev\LaTeX\MikTeX\tex/latex/graphics-cfg\color.cfg)
(C:\Dev\LaTeX\MikTeX\tex/latex/graphics\mathcolor.ltx)) (Paper-TI-4.out)
(Paper-TI-4.out) (C:\Dev\LaTeX\MikTeX\tex/latex/lm\ot1lmr.fd)
(C:\Dev\LaTeX\MikTeX\tex/latex/lm\omllmm.fd)
(C:\Dev\LaTeX\MikTeX\tex/latex/lm\omslmsy.fd)
(C:\Dev\LaTeX\MikTeX\tex/latex/lm\omxlmex.fd)
(C:\Dev\LaTeX\MikTeX\tex/latex/amsfonts\umsa.fd)
(C:\Users\jtkor\AppData\Roaming\MiKTeX\tex/latex/microtype\mt-msa.cfg)
(C:\Dev\LaTeX\MikTeX\tex/latex/amsfonts\umsb.fd)
(C:\Users\jtkor\AppData\Roaming\MiKTeX\tex/latex/microtype\mt-msb.cfg)
(C:\Users\jtkor\AppData\Roaming\MiKTeX\tex/latex/jknappen\ursfs.fd)

Package hyperref Warning: Token not allowed in a PDF string (Unicode):
(hyperref)                removing `math shift' on input line 60.


Package hyperref Warning: Token not allowed in a PDF string (Unicode):
(hyperref)                removing `superscript' on input line 60.


Package hyperref Warning: Token not allowed in a PDF string (Unicode):
(hyperref)                removing `math shift' on input line 60.


Package hyperref Warning: Token not allowed in a PDF string (Unicode):
(hyperref)                removing `math shift' on input line 60.


Package hyperref Warning: Token not allowed in a PDF string (Unicode):
(hyperref)                removing `superscript' on input line 60.


Package hyperref Warning: Token not allowed in a PDF string (Unicode):
(hyperref)                removing `math shift' on input line 60.

[1{C:/Users/jtkor/AppData/Local/MiKTeX/fonts/map/pdftex/pdftex.map}{C:/Dev/LaTe
X/MikTeX/fonts/enc/dvips/lm/lm-ec.enc}{C:/Dev/LaTeX/MikTeX/fonts/enc/dvips/lm/l
m-rm.enc}{C:/Dev/LaTeX/MikTeX/fonts/enc/dvips/lm/lm-mathsy.enc}{C:/Dev/LaTeX/Mi
kTeX/fonts/enc/dvips/lm/lm-mathit.enc}]

Package hyperref Warning: Token not allowed in a PDF string (Unicode):
(hyperref)                removing `math shift' on input line 103.


Package hyperref Warning: Token not allowed in a PDF string (Unicode):
(hyperref)                removing `superscript' on input line 103.


Package hyperref Warning: Token not allowed in a PDF string (Unicode):
(hyperref)                removing `math shift' on input line 103.

[2]
Overfull \hbox (0.68016pt too wide) in paragraph at lines 169--170
 []\T1/lmr/m/it/10.95 (-20) b. Step 2 (Picard-group classification via exponent
ial sequence).[] \T1/lmr/m/n/10.95 (-20) The exponential sheaf sequence 
[3]

Package hyperref Warning: Token not allowed in a PDF string (Unicode):
(hyperref)                removing `math shift' on input line 212.


Package hyperref Warning: Token not allowed in a PDF string (Unicode):
(hyperref)                removing `superscript' on input line 212.


Package hyperref Warning: Token not allowed in a PDF string (Unicode):
(hyperref)                removing `math shift' on input line 212.

[4] (C:\Dev\LaTeX\MikTeX\tex/latex/lm\t1lmtt.fd)
No file Paper-TI-4.bbl.
[5] (Paper-TI-4.aux) )
(see the transcript file for additional information)<C:/Dev/LaTeX/MikTeX/fonts/
type1/public/lm/lmbx10.pfb><C:/Dev/LaTeX/MikTeX/fonts/type1/public/lm/lmbx12.pf
b><C:/Dev/LaTeX/MikTeX/fonts/type1/public/lm/lmmi10.pfb><C:/Dev/LaTeX/MikTeX/fo
nts/type1/public/lm/lmmi8.pfb><C:/Dev/LaTeX/MikTeX/fonts/type1/public/lm/lmr10.
pfb><C:/Dev/LaTeX/MikTeX/fonts/type1/public/lm/lmr6.pfb><C:/Dev/LaTeX/MikTeX/fo
nts/type1/public/lm/lmr7.pfb><C:/Dev/LaTeX/MikTeX/fonts/type1/public/lm/lmr8.pf
b><C:/Dev/LaTeX/MikTeX/fonts/type1/public/lm/lmr9.pfb><C:/Dev/LaTeX/MikTeX/font
s/type1/public/lm/lmri10.pfb><C:/Dev/LaTeX/MikTeX/fonts/type1/public/lm/lmsy10.
pfb><C:/Dev/LaTeX/MikTeX/fonts/type1/public/lm/lmsy6.pfb><C:/Dev/LaTeX/MikTeX/f
onts/type1/public/lm/lmsy8.pfb><C:/Dev/LaTeX/MikTeX/fonts/type1/public/lm/lmtt1
0.pfb><C:/Dev/LaTeX/MikTeX/fonts/type1/public/amsfonts/symbols/msbm10.pfb>
Output written on Paper-TI-4.pdf (5 pages, 289904 bytes).
Transcript written on Paper-TI-4.log.

[TECT-build] OK: C:\Dev\TECT2\Contents\Docs\papers\top_impact\Paper-TI-4-CP2-Cohomology\Paper-TI-4.pdf  (size = 283.1 KB)
