# TECT build log for Paper-07-ext (2026-05-06T17:19:24.7430748+09:00)
[TECT-build] clean: removing aux/bbl/blg/toc/log/out for Paper-07-ext
[TECT-build] pass 1: pdflatex Paper-07-ext
This is pdfTeX, Version 3.141592653-2.6-1.40.29 (MiKTeX 26.2) (preloaded format=pdflatex.fmt)
 restricted \write18 enabled.
entering extended mode
(Paper-07-ext.tex
LaTeX2e <2025-11-01>
L3 programming layer <2026-03-20>
(../_shared/tect-preamble.tex
(C:\Users\jtkor\AppData\Roaming\MiKTeX\tex/latex/revtex\revtex4-2.cls
Document Class: revtex4-2 2022/06/05 4.2f (https://journals.aps.org/revtex/ for
 documentation)
ltxutil[2022/06/05 4.2f utilities package (portions licensed from W. E. Baxter 
web at superscript.com)]
ltxfront[2022/06/05 4.2f frontmatter package (AO,DPC,MD)]
ltxgrid[2022/06/05 4.2f page grid package (portions licensed from W. E. Baxter 
web at superscript.com)]
(C:\Users\jtkor\AppData\Roaming\MiKTeX\tex/latex/revtex\aps4-2.rtx)
(C:\Users\jtkor\AppData\Roaming\MiKTeX\tex/latex/revtex\aps11pt4-2.rtx)
(C:\Users\jtkor\AppData\Roaming\MiKTeX\tex/latex/textcase\textcase.sty)
(C:\Dev\LaTeX\MikTeX\tex/latex/amsfonts\amssymb.sty
(C:\Dev\LaTeX\MikTeX\tex/latex/amsfonts\amsfonts.sty))
(C:\Dev\LaTeX\MikTeX\tex/latex/amsmath\amsmath.sty
For additional information on amsmath, use the `?' option.
(C:\Dev\LaTeX\MikTeX\tex/latex/amsmath\amstext.sty
(C:\Dev\LaTeX\MikTeX\tex/latex/amsmath\amsgen.sty))
(C:\Dev\LaTeX\MikTeX\tex/latex/amsmath\amsbsy.sty)
(C:\Dev\LaTeX\MikTeX\tex/latex/amsmath\amsopn.sty))
(C:\Dev\LaTeX\MikTeX\tex/latex/url\url.sty)
(C:\Users\jtkor\AppData\Roaming\MiKTeX\tex/latex/natbib\natbib.sty)
(C:\Users\jtkor\AppData\Roaming\MiKTeX\tex/latex/revtex\revsymb4-2.sty))
(C:\Dev\LaTeX\MikTeX\tex/latex/base\fontenc.sty)
(C:\Dev\LaTeX\MikTeX\tex/latex/base\inputenc.sty)
(C:\Dev\LaTeX\MikTeX\tex/latex/lm\lmodern.sty)
(C:\Dev\LaTeX\MikTeX\tex/latex/base\textcomp.sty)
(C:\Users\jtkor\AppData\Roaming\MiKTeX\tex/latex/microtype\microtype.sty
(C:\Dev\LaTeX\MikTeX\tex/latex/graphics\keyval.sty)
(C:\Dev\LaTeX\MikTeX\tex/latex/etoolbox\etoolbox.sty)
(C:\Users\jtkor\AppData\Roaming\MiKTeX\tex/latex/microtype\microtype-pdftex.def
) (C:\Users\jtkor\AppData\Roaming\MiKTeX\tex/latex/microtype\microtype.cfg))
(C:\Dev\LaTeX\MikTeX\tex/latex/tools\bm.sty)
(C:\Users\jtkor\AppData\Roaming\MiKTeX\tex/latex/jknappen\mathrsfs.sty)
(C:\Users\jtkor\AppData\Roaming\MiKTeX\tex/latex/mathtools\mathtools.sty
(C:\Dev\LaTeX\MikTeX\tex/latex/tools\calc.sty)
(C:\Users\jtkor\AppData\Roaming\MiKTeX\tex/latex/mathtools\mhsetup.sty))
(C:\Users\jtkor\AppData\Roaming\MiKTeX\tex/latex/amscls\amsthm.sty)
(C:\Users\jtkor\AppData\Roaming\MiKTeX\tex/latex/booktabs\booktabs.sty)
(C:\Dev\LaTeX\MikTeX\tex/latex/tools\array.sty)
(C:\Dev\LaTeX\MikTeX\tex/latex/graphics\graphicx.sty
(C:\Dev\LaTeX\MikTeX\tex/latex/graphics\graphics.sty
(C:\Dev\LaTeX\MikTeX\tex/latex/graphics\trig.sty)
(C:\Dev\LaTeX\MikTeX\tex/latex/graphics-cfg\graphics.cfg)
(C:\Dev\LaTeX\MikTeX\tex/latex/graphics-def\pdftex.def)))
(C:\Users\jtkor\AppData\Roaming\MiKTeX\tex/latex/enumitem\enumitem.sty)
(C:\Users\jtkor\AppData\Roaming\MiKTeX\tex/latex/hyphenat\hyphenat.sty)
(C:\Users\jtkor\AppData\Roaming\MiKTeX\tex/latex/seqsplit\seqsplit.sty)
(C:\Dev\LaTeX\MikTeX\tex/latex/hyperref\hyperref.sty
(C:\Dev\LaTeX\MikTeX\tex/generic/iftex\iftex.sty)
(C:\Users\jtkor\AppData\Roaming\MiKTeX\tex/latex/kvsetkeys\kvsetkeys.sty)
(C:\Users\jtkor\AppData\Roaming\MiKTeX\tex/generic/kvdefinekeys\kvdefinekeys.st
y) (C:\Users\jtkor\AppData\Roaming\MiKTeX\tex/generic/pdfescape\pdfescape.sty
(C:\Users\jtkor\AppData\Roaming\MiKTeX\tex/generic/ltxcmds\ltxcmds.sty)
(C:\Dev\LaTeX\MikTeX\tex/generic/pdftexcmds\pdftexcmds.sty
(C:\Users\jtkor\AppData\Roaming\MiKTeX\tex/generic/infwarerr\infwarerr.sty)))
(C:\Users\jtkor\AppData\Roaming\MiKTeX\tex/latex/hycolor\hycolor.sty)
(C:\Dev\LaTeX\MikTeX\tex/latex/hyperref\nameref.sty
(C:\Users\jtkor\AppData\Roaming\MiKTeX\tex/latex/refcount\refcount.sty)
(C:\Users\jtkor\AppData\Roaming\MiKTeX\tex/generic/gettitlestring\gettitlestrin
g.sty (C:\Users\jtkor\AppData\Roaming\MiKTeX\tex/latex/kvoptions\kvoptions.sty)
)

Package nameref Warning: The definition of \label has changed! 
(nameref)                Check your packages! 
(nameref)                Replacing it with the kernel definition on input line 
161.

) (C:\Users\jtkor\AppData\Roaming\MiKTeX\tex/generic/stringenc\stringenc.sty)
(C:\Dev\LaTeX\MikTeX\tex/latex/hyperref\pd1enc.def)
(C:\Users\jtkor\AppData\Roaming\MiKTeX\tex/generic/intcalc\intcalc.sty)
(C:\Dev\LaTeX\MikTeX\tex/latex/hyperref\puenc.def)
(C:\Users\jtkor\AppData\Roaming\MiKTeX\tex/generic/bitset\bitset.sty
(C:\Users\jtkor\AppData\Roaming\MiKTeX\tex/generic/bigintcalc\bigintcalc.sty)))
(C:\Dev\LaTeX\MikTeX\tex/latex/hyperref\hpdftex.def
(C:\Users\jtkor\AppData\Roaming\MiKTeX\tex/latex/rerunfilecheck\rerunfilecheck.
sty
(C:\Users\jtkor\AppData\Roaming\MiKTeX\tex/generic/uniquecounter\uniquecounter.
sty))) (C:\Users\jtkor\AppData\Roaming\MiKTeX\tex/latex/cleveref\cleveref.sty)
==> First Aid for cleveref.sty applied!
) (C:\Dev\LaTeX\MikTeX\tex/latex/lm\t1lmr.fd)
(C:\Dev\LaTeX\MikTeX\tex/latex/l3backend\l3backend-pdftex.def)
No file Paper-07-ext.aux.
(C:\Users\jtkor\AppData\Roaming\MiKTeX\tex/latex/microtype\mt-cmr.cfg)
(C:\Dev\LaTeX\MikTeX\tex/context/base/mkii\supp-pdf.mkii
[Loading MPS to PDF converter (version 2006.09.02).]
) (C:\Dev\LaTeX\MikTeX\tex/latex/epstopdf-pkg\epstopdf-base.sty
(C:\Users\jtkor\AppData\Roaming\MiKTeX\tex/latex/grfext\grfext.sty)
(C:\Dev\LaTeX\MikTeX\tex/latex/00miktex\epstopdf-sys.cfg))
(C:\Dev\LaTeX\MikTeX\tex/latex/graphics\color.sty
(C:\Dev\LaTeX\MikTeX\tex/latex/graphics-cfg\color.cfg)
(C:\Dev\LaTeX\MikTeX\tex/latex/graphics\mathcolor.ltx))
(C:\Dev\LaTeX\MikTeX\tex/latex/lm\ot1lmr.fd)
(C:\Dev\LaTeX\MikTeX\tex/latex/lm\omllmm.fd)
(C:\Dev\LaTeX\MikTeX\tex/latex/lm\omslmsy.fd)
(C:\Dev\LaTeX\MikTeX\tex/latex/lm\omxlmex.fd)
(C:\Dev\LaTeX\MikTeX\tex/latex/amsfonts\umsa.fd)
(C:\Users\jtkor\AppData\Roaming\MiKTeX\tex/latex/microtype\mt-msa.cfg)
(C:\Dev\LaTeX\MikTeX\tex/latex/amsfonts\umsb.fd)
(C:\Users\jtkor\AppData\Roaming\MiKTeX\tex/latex/microtype\mt-msb.cfg)
(C:\Users\jtkor\AppData\Roaming\MiKTeX\tex/latex/jknappen\ursfs.fd)

Package hyperref Warning: Token not allowed in a PDF string (Unicode):
(hyperref)                removing `math shift' on input line 99.


Package hyperref Warning: Token not allowed in a PDF string (Unicode):
(hyperref)                removing `math shift' on input line 99.

[1{C:/Users/jtkor/AppData/Local/MiKTeX/fonts/map/pdftex/pdftex.map}{C:/Dev/LaTe
X/MikTeX/fonts/enc/dvips/lm/lm-ec.enc}{C:/Dev/LaTeX/MikTeX/fonts/enc/dvips/lm/l
m-rm.enc}{C:/Dev/LaTeX/MikTeX/fonts/enc/dvips/lm/lm-mathsy.enc}{C:/Dev/LaTeX/Mi
kTeX/fonts/enc/dvips/lm/lm-mathit.enc}]

LaTeX Warning: Reference `eq:five-pert' on page 2 undefined on input line 121.


LaTeX Warning: Reference `eq:grav' on page 2 undefined on input line 121.


LaTeX Warning: Reference `eq:five-pert' on page 2 undefined on input line 126.


LaTeX Warning: Reference `eq:grav' on page 2 undefined on input line 126.

(C:\Dev\LaTeX\MikTeX\tex/latex/lm\ts1lmr.fd)

Package natbib Warning: Citation `Witten1982' on page 2 undefined on input line
 129.


LaTeX Warning: Reference `eq:five-pert' on page 2 undefined on input line 137.


LaTeX Warning: Reference `eq:grav' on page 2 undefined on input line 137.


LaTeX Warning: Reference `sec:rhn-genuine-role' on page 2 undefined on input li
ne 139.


LaTeX Warning: Reference `eq:10dec' on page 2 undefined on input line 171.


LaTeX Warning: Reference `eq:singletdec' on page 2 undefined on input line 171.



LaTeX Warning: Reference `eq:16dec' on page 2 undefined on input line 182.


LaTeX Warning: Reference `eq:singletdec' on page 2 undefined on input line 182.


[2{C:/Dev/LaTeX/MikTeX/fonts/enc/dvips/lm/lm-ts1.enc}{C:/Dev/LaTeX/MikTeX/fonts
/enc/dvips/lm/lm-mathex.enc}]

LaTeX Warning: Reference `eq:five-pert' on page 3 undefined on input line 188.


LaTeX Warning: Reference `eq:grav' on page 3 undefined on input line 189.


LaTeX Warning: Reference `eq:six-zero' on page 3 undefined on input line 203.


LaTeX Font Warning: Font shape `T1/lmr/bx/scit' undefined
(Font)              using `T1/lmr/bx/sc' instead on input line 206.


LaTeX Font Warning: Font shape `T1/lmr/bx/sc' undefined
(Font)              using `T1/lmr/bx/n' instead on input line 206.


LaTeX Warning: Reference `eq:10dec' on page 3 undefined on input line 208.


LaTeX Warning: Reference `eq:5bardec' on page 3 undefined on input line 208.


LaTeX Warning: Reference `eq:five-pert' on page 3 undefined on input line 213.


Package natbib Warning: Citation `GeorgiGlashow1974' on page 3 undefined on inp
ut line 217.


LaTeX Warning: Reference `eq:five-pert' on page 3 undefined on input line 218.


LaTeX Warning: Reference `eq:six-zero' on page 3 undefined on input line 219.


LaTeX Warning: Reference `eq:six-zero' on page 3 undefined on input line 227.


LaTeX Warning: Reference `sec:rhn-genuine-role' on page 3 undefined on input li
ne 229.


Package natbib Warning: Citation `GeorgiBook' on page 3 undefined on input line
 240.


LaTeX Warning: Reference `eq:16dec' on page 3 undefined on input line 242.


Package natbib Warning: Citation `Slansky1981' on page 3 undefined on input lin
e 243.


LaTeX Warning: Reference `eq:10dec' on page 3 undefined on input line 245.


LaTeX Warning: Reference `eq:5bardec' on page 3 undefined on input line 245.


Package natbib Warning: Citation `Math157' on page 3 undefined on input line 24
6.


Package natbib Warning: Citation `Math157AddD' on page 3 undefined on input lin
e 253.

[3]

LaTeX Warning: Reference `eq:five-pert' on page 4 undefined on input line 268.


LaTeX Warning: Reference `eq:10dec' on page 4 undefined on input line 293.


LaTeX Warning: Reference `eq:5bardec' on page 4 undefined on input line 293.


LaTeX Warning: Reference `sec:proof' on page 4 undefined on input line 312.


LaTeX Warning: Reference `rmk:5bar10sat' on page 4 undefined on input line 313.



LaTeX Warning: Reference `eq:six-zero' on page 4 undefined on input line 317.


Package natbib Warning: Citation `Witten1982' on page 4 undefined on input line
 323.

[4] (C:\Dev\LaTeX\MikTeX\tex/latex/amsfonts\ueuf.fd)
(C:\Users\jtkor\AppData\Roaming\MiKTeX\tex/latex/microtype\mt-euf.cfg)

Package natbib Warning: Citation `Slansky1981' on page 5 undefined on input lin
e 348.


LaTeX Warning: Reference `eq:five-pert' on page 5 undefined on input line 355.


LaTeX Warning: Reference `eq:trY-zero' on page 5 undefined on input line 356.


LaTeX Warning: Reference `eq:six-zero' on page 5 undefined on input line 364.


LaTeX Warning: Reference `eq:10dec' on page 5 undefined on input line 366.


LaTeX Warning: Reference `eq:5bardec' on page 5 undefined on input line 366.


LaTeX Warning: Reference `eq:six-zero' on page 5 undefined on input line 366.


LaTeX Warning: Reference `eq:six-zero' on page 5 undefined on input line 374.


LaTeX Warning: Reference `eq:six-zero' on page 5 undefined on input line 383.

[5]

LaTeX Warning: Reference `LastBibItem' on page 6 undefined on input line 401.

No file Paper-07-ext.bbl.
(C:\Dev\LaTeX\MikTeX\tex/latex/lm\t1lmtt.fd)

Package natbib Warning: There were undefined citations.

[6] (Paper-07-ext.aux

Package natbib Warning: Citation(s) may have changed.
(natbib)                Rerun to get citations correct.

)

LaTeX Font Warning: Some font shapes were not available, defaults substituted.


LaTeX Warning: There were undefined references.


LaTeX Warning: Label(s) may have changed. Rerun to get cross-references right.


Package rerunfilecheck Warning: File `Paper-07-ext.out' has changed.
(rerunfilecheck)                Rerun to get outlines right
(rerunfilecheck)                or use package `bookmark'.

 )<C:/Dev/LaTeX/MikTeX/fonts/type1/public/amsfonts/euler/eufm10.pfb><C:/Dev/LaT
eX/MikTeX/fonts/type1/public/lm/lmbx10.pfb><C:/Dev/LaTeX/MikTeX/fonts/type1/pub
lic/lm/lmbx12.pfb><C:/Dev/LaTeX/MikTeX/fonts/type1/public/lm/lmbx8.pfb><C:/Dev/
LaTeX/MikTeX/fonts/type1/public/lm/lmbxi10.pfb><C:/Dev/LaTeX/MikTeX/fonts/type1
/public/lm/lmex10.pfb><C:/Dev/LaTeX/MikTeX/fonts/type1/public/lm/lmmi10.pfb><C:
/Dev/LaTeX/MikTeX/fonts/type1/public/lm/lmmi6.pfb><C:/Dev/LaTeX/MikTeX/fonts/ty
pe1/public/lm/lmmi7.pfb><C:/Dev/LaTeX/MikTeX/fonts/type1/public/lm/lmmi8.pfb><C
:/Dev/LaTeX/MikTeX/fonts/type1/public/lm/lmr10.pfb><C:/Dev/LaTeX/MikTeX/fonts/t
ype1/public/lm/lmr12.pfb><C:/Dev/LaTeX/MikTeX/fonts/type1/public/lm/lmr7.pfb><C
:/Dev/LaTeX/MikTeX/fonts/type1/public/lm/lmr8.pfb><C:/Dev/LaTeX/MikTeX/fonts/ty
pe1/public/lm/lmr9.pfb><C:/Dev/LaTeX/MikTeX/fonts/type1/public/lm/lmri10.pfb><C
:/Dev/LaTeX/MikTeX/fonts/type1/public/lm/lmsy10.pfb><C:/Dev/LaTeX/MikTeX/fonts/
type1/public/lm/lmsy6.pfb><C:/Dev/LaTeX/MikTeX/fonts/type1/public/lm/lmsy7.pfb>
<C:/Dev/LaTeX/MikTeX/fonts/type1/public/lm/lmsy8.pfb><C:/Dev/LaTeX/MikTeX/fonts
/type1/public/lm/lmtt10.pfb><C:/Dev/LaTeX/MikTeX/fonts/type1/public/amsfonts/sy
mbols/msbm10.pfb>
Output written on Paper-07-ext.pdf (6 pages, 351935 bytes).
Transcript written on Paper-07-ext.log.

[TECT-build] bibtex: SKIP (no \bibliography{} OR .bbl up-to-date OR -NoBibtex)
[TECT-build] pass 2: pdflatex Paper-07-ext
This is pdfTeX, Version 3.141592653-2.6-1.40.29 (MiKTeX 26.2) (preloaded format=pdflatex.fmt)
 restricted \write18 enabled.
entering extended mode
(Paper-07-ext.tex
LaTeX2e <2025-11-01>
L3 programming layer <2026-03-20>
(../_shared/tect-preamble.tex
(C:\Users\jtkor\AppData\Roaming\MiKTeX\tex/latex/revtex\revtex4-2.cls
Document Class: revtex4-2 2022/06/05 4.2f (https://journals.aps.org/revtex/ for
 documentation)
ltxutil[2022/06/05 4.2f utilities package (portions licensed from W. E. Baxter 
web at superscript.com)]
ltxfront[2022/06/05 4.2f frontmatter package (AO,DPC,MD)]
ltxgrid[2022/06/05 4.2f page grid package (portions licensed from W. E. Baxter 
web at superscript.com)]
(C:\Users\jtkor\AppData\Roaming\MiKTeX\tex/latex/revtex\aps4-2.rtx)
(C:\Users\jtkor\AppData\Roaming\MiKTeX\tex/latex/revtex\aps11pt4-2.rtx)
(C:\Users\jtkor\AppData\Roaming\MiKTeX\tex/latex/textcase\textcase.sty)
(C:\Dev\LaTeX\MikTeX\tex/latex/amsfonts\amssymb.sty
(C:\Dev\LaTeX\MikTeX\tex/latex/amsfonts\amsfonts.sty))
(C:\Dev\LaTeX\MikTeX\tex/latex/amsmath\amsmath.sty
For additional information on amsmath, use the `?' option.
(C:\Dev\LaTeX\MikTeX\tex/latex/amsmath\amstext.sty
(C:\Dev\LaTeX\MikTeX\tex/latex/amsmath\amsgen.sty))
(C:\Dev\LaTeX\MikTeX\tex/latex/amsmath\amsbsy.sty)
(C:\Dev\LaTeX\MikTeX\tex/latex/amsmath\amsopn.sty))
(C:\Dev\LaTeX\MikTeX\tex/latex/url\url.sty)
(C:\Users\jtkor\AppData\Roaming\MiKTeX\tex/latex/natbib\natbib.sty)
(C:\Users\jtkor\AppData\Roaming\MiKTeX\tex/latex/revtex\revsymb4-2.sty))
(C:\Dev\LaTeX\MikTeX\tex/latex/base\fontenc.sty)
(C:\Dev\LaTeX\MikTeX\tex/latex/base\inputenc.sty)
(C:\Dev\LaTeX\MikTeX\tex/latex/lm\lmodern.sty)
(C:\Dev\LaTeX\MikTeX\tex/latex/base\textcomp.sty)
(C:\Users\jtkor\AppData\Roaming\MiKTeX\tex/latex/microtype\microtype.sty
(C:\Dev\LaTeX\MikTeX\tex/latex/graphics\keyval.sty)
(C:\Dev\LaTeX\MikTeX\tex/latex/etoolbox\etoolbox.sty)
(C:\Users\jtkor\AppData\Roaming\MiKTeX\tex/latex/microtype\microtype-pdftex.def
) (C:\Users\jtkor\AppData\Roaming\MiKTeX\tex/latex/microtype\microtype.cfg))
(C:\Dev\LaTeX\MikTeX\tex/latex/tools\bm.sty)
(C:\Users\jtkor\AppData\Roaming\MiKTeX\tex/latex/jknappen\mathrsfs.sty)
(C:\Users\jtkor\AppData\Roaming\MiKTeX\tex/latex/mathtools\mathtools.sty
(C:\Dev\LaTeX\MikTeX\tex/latex/tools\calc.sty)
(C:\Users\jtkor\AppData\Roaming\MiKTeX\tex/latex/mathtools\mhsetup.sty))
(C:\Users\jtkor\AppData\Roaming\MiKTeX\tex/latex/amscls\amsthm.sty)
(C:\Users\jtkor\AppData\Roaming\MiKTeX\tex/latex/booktabs\booktabs.sty)
(C:\Dev\LaTeX\MikTeX\tex/latex/tools\array.sty)
(C:\Dev\LaTeX\MikTeX\tex/latex/graphics\graphicx.sty
(C:\Dev\LaTeX\MikTeX\tex/latex/graphics\graphics.sty
(C:\Dev\LaTeX\MikTeX\tex/latex/graphics\trig.sty)
(C:\Dev\LaTeX\MikTeX\tex/latex/graphics-cfg\graphics.cfg)
(C:\Dev\LaTeX\MikTeX\tex/latex/graphics-def\pdftex.def)))
(C:\Users\jtkor\AppData\Roaming\MiKTeX\tex/latex/enumitem\enumitem.sty)
(C:\Users\jtkor\AppData\Roaming\MiKTeX\tex/latex/hyphenat\hyphenat.sty)
(C:\Users\jtkor\AppData\Roaming\MiKTeX\tex/latex/seqsplit\seqsplit.sty)
(C:\Dev\LaTeX\MikTeX\tex/latex/hyperref\hyperref.sty
(C:\Dev\LaTeX\MikTeX\tex/generic/iftex\iftex.sty)
(C:\Users\jtkor\AppData\Roaming\MiKTeX\tex/latex/kvsetkeys\kvsetkeys.sty)
(C:\Users\jtkor\AppData\Roaming\MiKTeX\tex/generic/kvdefinekeys\kvdefinekeys.st
y) (C:\Users\jtkor\AppData\Roaming\MiKTeX\tex/generic/pdfescape\pdfescape.sty
(C:\Users\jtkor\AppData\Roaming\MiKTeX\tex/generic/ltxcmds\ltxcmds.sty)
(C:\Dev\LaTeX\MikTeX\tex/generic/pdftexcmds\pdftexcmds.sty
(C:\Users\jtkor\AppData\Roaming\MiKTeX\tex/generic/infwarerr\infwarerr.sty)))
(C:\Users\jtkor\AppData\Roaming\MiKTeX\tex/latex/hycolor\hycolor.sty)
(C:\Dev\LaTeX\MikTeX\tex/latex/hyperref\nameref.sty
(C:\Users\jtkor\AppData\Roaming\MiKTeX\tex/latex/refcount\refcount.sty)
(C:\Users\jtkor\AppData\Roaming\MiKTeX\tex/generic/gettitlestring\gettitlestrin
g.sty (C:\Users\jtkor\AppData\Roaming\MiKTeX\tex/latex/kvoptions\kvoptions.sty)
)

Package nameref Warning: The definition of \label has changed! 
(nameref)                Check your packages! 
(nameref)                Replacing it with the kernel definition on input line 
161.

) (C:\Users\jtkor\AppData\Roaming\MiKTeX\tex/generic/stringenc\stringenc.sty)
(C:\Dev\LaTeX\MikTeX\tex/latex/hyperref\pd1enc.def)
(C:\Users\jtkor\AppData\Roaming\MiKTeX\tex/generic/intcalc\intcalc.sty)
(C:\Dev\LaTeX\MikTeX\tex/latex/hyperref\puenc.def)
(C:\Users\jtkor\AppData\Roaming\MiKTeX\tex/generic/bitset\bitset.sty
(C:\Users\jtkor\AppData\Roaming\MiKTeX\tex/generic/bigintcalc\bigintcalc.sty)))
(C:\Dev\LaTeX\MikTeX\tex/latex/hyperref\hpdftex.def
(C:\Users\jtkor\AppData\Roaming\MiKTeX\tex/latex/rerunfilecheck\rerunfilecheck.
sty
(C:\Users\jtkor\AppData\Roaming\MiKTeX\tex/generic/uniquecounter\uniquecounter.
sty))) (C:\Users\jtkor\AppData\Roaming\MiKTeX\tex/latex/cleveref\cleveref.sty)
==> First Aid for cleveref.sty applied!
) (C:\Dev\LaTeX\MikTeX\tex/latex/lm\t1lmr.fd)
(C:\Dev\LaTeX\MikTeX\tex/latex/l3backend\l3backend-pdftex.def)
(Paper-07-ext.aux)
(C:\Users\jtkor\AppData\Roaming\MiKTeX\tex/latex/microtype\mt-cmr.cfg)
(C:\Dev\LaTeX\MikTeX\tex/context/base/mkii\supp-pdf.mkii
[Loading MPS to PDF converter (version 2006.09.02).]
) (C:\Dev\LaTeX\MikTeX\tex/latex/epstopdf-pkg\epstopdf-base.sty
(C:\Users\jtkor\AppData\Roaming\MiKTeX\tex/latex/grfext\grfext.sty)
(C:\Dev\LaTeX\MikTeX\tex/latex/00miktex\epstopdf-sys.cfg))
(C:\Dev\LaTeX\MikTeX\tex/latex/graphics\color.sty
(C:\Dev\LaTeX\MikTeX\tex/latex/graphics-cfg\color.cfg)
(C:\Dev\LaTeX\MikTeX\tex/latex/graphics\mathcolor.ltx)) (Paper-07-ext.out)
(Paper-07-ext.out) (C:\Dev\LaTeX\MikTeX\tex/latex/lm\ot1lmr.fd)
(C:\Dev\LaTeX\MikTeX\tex/latex/lm\omllmm.fd)
(C:\Dev\LaTeX\MikTeX\tex/latex/lm\omslmsy.fd)
(C:\Dev\LaTeX\MikTeX\tex/latex/lm\omxlmex.fd)
(C:\Dev\LaTeX\MikTeX\tex/latex/amsfonts\umsa.fd)
(C:\Users\jtkor\AppData\Roaming\MiKTeX\tex/latex/microtype\mt-msa.cfg)
(C:\Dev\LaTeX\MikTeX\tex/latex/amsfonts\umsb.fd)
(C:\Users\jtkor\AppData\Roaming\MiKTeX\tex/latex/microtype\mt-msb.cfg)
(C:\Users\jtkor\AppData\Roaming\MiKTeX\tex/latex/jknappen\ursfs.fd)

Package hyperref Warning: Token not allowed in a PDF string (Unicode):
(hyperref)                removing `math shift' on input line 99.


Package hyperref Warning: Token not allowed in a PDF string (Unicode):
(hyperref)                removing `math shift' on input line 99.

[1{C:/Users/jtkor/AppData/Local/MiKTeX/fonts/map/pdftex/pdftex.map}{C:/Dev/LaTe
X/MikTeX/fonts/enc/dvips/lm/lm-ec.enc}{C:/Dev/LaTeX/MikTeX/fonts/enc/dvips/lm/l
m-rm.enc}{C:/Dev/LaTeX/MikTeX/fonts/enc/dvips/lm/lm-mathsy.enc}{C:/Dev/LaTeX/Mi
kTeX/fonts/enc/dvips/lm/lm-mathit.enc}]
(C:\Dev\LaTeX\MikTeX\tex/latex/lm\ts1lmr.fd) [2{C:/Dev/LaTeX/MikTeX/fonts/enc/d
vips/lm/lm-ts1.enc}{C:/Dev/LaTeX/MikTeX/fonts/enc/dvips/lm/lm-mathex.enc}]

LaTeX Font Warning: Font shape `T1/lmr/bx/scit' undefined
(Font)              using `T1/lmr/bx/sc' instead on input line 206.


LaTeX Font Warning: Font shape `T1/lmr/bx/sc' undefined
(Font)              using `T1/lmr/bx/n' instead on input line 206.

[3] [4] (C:\Dev\LaTeX\MikTeX\tex/latex/amsfonts\ueuf.fd)
(C:\Users\jtkor\AppData\Roaming\MiKTeX\tex/latex/microtype\mt-euf.cfg) [5]
No file Paper-07-ext.bbl.
(C:\Dev\LaTeX\MikTeX\tex/latex/lm\t1lmtt.fd) [6] (Paper-07-ext.aux)

LaTeX Font Warning: Some font shapes were not available, defaults substituted.

 )<C:/Dev/LaTeX/MikTeX/fonts/type1/public/amsfonts/euler/eufm10.pfb><C:/Dev/LaT
eX/MikTeX/fonts/type1/public/lm/lmbx10.pfb><C:/Dev/LaTeX/MikTeX/fonts/type1/pub
lic/lm/lmbx12.pfb><C:/Dev/LaTeX/MikTeX/fonts/type1/public/lm/lmbx8.pfb><C:/Dev/
LaTeX/MikTeX/fonts/type1/public/lm/lmbxi10.pfb><C:/Dev/LaTeX/MikTeX/fonts/type1
/public/lm/lmex10.pfb><C:/Dev/LaTeX/MikTeX/fonts/type1/public/lm/lmmi10.pfb><C:
/Dev/LaTeX/MikTeX/fonts/type1/public/lm/lmmi6.pfb><C:/Dev/LaTeX/MikTeX/fonts/ty
pe1/public/lm/lmmi7.pfb><C:/Dev/LaTeX/MikTeX/fonts/type1/public/lm/lmmi8.pfb><C
:/Dev/LaTeX/MikTeX/fonts/type1/public/lm/lmr10.pfb><C:/Dev/LaTeX/MikTeX/fonts/t
ype1/public/lm/lmr12.pfb><C:/Dev/LaTeX/MikTeX/fonts/type1/public/lm/lmr7.pfb><C
:/Dev/LaTeX/MikTeX/fonts/type1/public/lm/lmr8.pfb><C:/Dev/LaTeX/MikTeX/fonts/ty
pe1/public/lm/lmr9.pfb><C:/Dev/LaTeX/MikTeX/fonts/type1/public/lm/lmri10.pfb><C
:/Dev/LaTeX/MikTeX/fonts/type1/public/lm/lmsy10.pfb><C:/Dev/LaTeX/MikTeX/fonts/
type1/public/lm/lmsy6.pfb><C:/Dev/LaTeX/MikTeX/fonts/type1/public/lm/lmsy7.pfb>
<C:/Dev/LaTeX/MikTeX/fonts/type1/public/lm/lmsy8.pfb><C:/Dev/LaTeX/MikTeX/fonts
/type1/public/lm/lmtt10.pfb><C:/Dev/LaTeX/MikTeX/fonts/type1/public/amsfonts/sy
mbols/msbm10.pfb>
Output written on Paper-07-ext.pdf (6 pages, 364983 bytes).
Transcript written on Paper-07-ext.log.

[TECT-build] OK: C:\Dev\TECT2\Contents\Docs\papers\papers\Paper-07-ext-SO10-Anomaly\Paper-07-ext.pdf  (size = 356.4 KB)
