# TECT build log for Paper-01 (2026-05-06T17:18:26.5093488+09:00)
[TECT-build] clean: removing aux/bbl/blg/toc/log/out for Paper-01
[TECT-build] pass 1: pdflatex Paper-01
This is pdfTeX, Version 3.141592653-2.6-1.40.29 (MiKTeX 26.2) (preloaded format=pdflatex.fmt)
 restricted \write18 enabled.
entering extended mode
(Paper-01.tex
LaTeX2e <2025-11-01>
L3 programming layer <2026-03-20>
(../_shared/tect-preamble.tex
(C:\Users\jtkor\AppData\Roaming\MiKTeX\tex/latex/revtex\revtex4-2.cls
Document Class: revtex4-2 2022/06/05 4.2f (https://journals.aps.org/revtex/ for
 documentation)
ltxutil[2022/06/05 4.2f utilities package (portions licensed from W. E. Baxter 
web at superscript.com)]
ltxfront[2022/06/05 4.2f frontmatter package (AO,DPC,MD)]
ltxgrid[2022/06/05 4.2f page grid package (portions licensed from W. E. Baxter 
web at superscript.com)]
(C:\Users\jtkor\AppData\Roaming\MiKTeX\tex/latex/revtex\aps4-2.rtx)
(C:\Users\jtkor\AppData\Roaming\MiKTeX\tex/latex/revtex\aps11pt4-2.rtx)
(C:\Users\jtkor\AppData\Roaming\MiKTeX\tex/latex/textcase\textcase.sty)
(C:\Dev\LaTeX\MikTeX\tex/latex/amsfonts\amssymb.sty
(C:\Dev\LaTeX\MikTeX\tex/latex/amsfonts\amsfonts.sty))
(C:\Dev\LaTeX\MikTeX\tex/latex/amsmath\amsmath.sty
For additional information on amsmath, use the `?' option.
(C:\Dev\LaTeX\MikTeX\tex/latex/amsmath\amstext.sty
(C:\Dev\LaTeX\MikTeX\tex/latex/amsmath\amsgen.sty))
(C:\Dev\LaTeX\MikTeX\tex/latex/amsmath\amsbsy.sty)
(C:\Dev\LaTeX\MikTeX\tex/latex/amsmath\amsopn.sty))
(C:\Dev\LaTeX\MikTeX\tex/latex/url\url.sty)
(C:\Users\jtkor\AppData\Roaming\MiKTeX\tex/latex/natbib\natbib.sty)
(C:\Users\jtkor\AppData\Roaming\MiKTeX\tex/latex/revtex\revsymb4-2.sty))
(C:\Dev\LaTeX\MikTeX\tex/latex/base\fontenc.sty)
(C:\Dev\LaTeX\MikTeX\tex/latex/base\inputenc.sty)
(C:\Dev\LaTeX\MikTeX\tex/latex/lm\lmodern.sty)
(C:\Dev\LaTeX\MikTeX\tex/latex/base\textcomp.sty)
(C:\Users\jtkor\AppData\Roaming\MiKTeX\tex/latex/microtype\microtype.sty
(C:\Dev\LaTeX\MikTeX\tex/latex/graphics\keyval.sty)
(C:\Dev\LaTeX\MikTeX\tex/latex/etoolbox\etoolbox.sty)
(C:\Users\jtkor\AppData\Roaming\MiKTeX\tex/latex/microtype\microtype-pdftex.def
) (C:\Users\jtkor\AppData\Roaming\MiKTeX\tex/latex/microtype\microtype.cfg))
(C:\Dev\LaTeX\MikTeX\tex/latex/tools\bm.sty)
(C:\Users\jtkor\AppData\Roaming\MiKTeX\tex/latex/jknappen\mathrsfs.sty)
(C:\Users\jtkor\AppData\Roaming\MiKTeX\tex/latex/mathtools\mathtools.sty
(C:\Dev\LaTeX\MikTeX\tex/latex/tools\calc.sty)
(C:\Users\jtkor\AppData\Roaming\MiKTeX\tex/latex/mathtools\mhsetup.sty))
(C:\Users\jtkor\AppData\Roaming\MiKTeX\tex/latex/amscls\amsthm.sty)
(C:\Users\jtkor\AppData\Roaming\MiKTeX\tex/latex/booktabs\booktabs.sty)
(C:\Dev\LaTeX\MikTeX\tex/latex/tools\array.sty)
(C:\Dev\LaTeX\MikTeX\tex/latex/graphics\graphicx.sty
(C:\Dev\LaTeX\MikTeX\tex/latex/graphics\graphics.sty
(C:\Dev\LaTeX\MikTeX\tex/latex/graphics\trig.sty)
(C:\Dev\LaTeX\MikTeX\tex/latex/graphics-cfg\graphics.cfg)
(C:\Dev\LaTeX\MikTeX\tex/latex/graphics-def\pdftex.def)))
(C:\Users\jtkor\AppData\Roaming\MiKTeX\tex/latex/enumitem\enumitem.sty)
(C:\Users\jtkor\AppData\Roaming\MiKTeX\tex/latex/hyphenat\hyphenat.sty)
(C:\Users\jtkor\AppData\Roaming\MiKTeX\tex/latex/seqsplit\seqsplit.sty)
(C:\Dev\LaTeX\MikTeX\tex/latex/hyperref\hyperref.sty
(C:\Dev\LaTeX\MikTeX\tex/generic/iftex\iftex.sty)
(C:\Users\jtkor\AppData\Roaming\MiKTeX\tex/latex/kvsetkeys\kvsetkeys.sty)
(C:\Users\jtkor\AppData\Roaming\MiKTeX\tex/generic/kvdefinekeys\kvdefinekeys.st
y) (C:\Users\jtkor\AppData\Roaming\MiKTeX\tex/generic/pdfescape\pdfescape.sty
(C:\Users\jtkor\AppData\Roaming\MiKTeX\tex/generic/ltxcmds\ltxcmds.sty)
(C:\Dev\LaTeX\MikTeX\tex/generic/pdftexcmds\pdftexcmds.sty
(C:\Users\jtkor\AppData\Roaming\MiKTeX\tex/generic/infwarerr\infwarerr.sty)))
(C:\Users\jtkor\AppData\Roaming\MiKTeX\tex/latex/hycolor\hycolor.sty)
(C:\Dev\LaTeX\MikTeX\tex/latex/hyperref\nameref.sty
(C:\Users\jtkor\AppData\Roaming\MiKTeX\tex/latex/refcount\refcount.sty)
(C:\Users\jtkor\AppData\Roaming\MiKTeX\tex/generic/gettitlestring\gettitlestrin
g.sty (C:\Users\jtkor\AppData\Roaming\MiKTeX\tex/latex/kvoptions\kvoptions.sty)
)

Package nameref Warning: The definition of \label has changed! 
(nameref)                Check your packages! 
(nameref)                Replacing it with the kernel definition on input line 
161.

) (C:\Users\jtkor\AppData\Roaming\MiKTeX\tex/generic/stringenc\stringenc.sty)
(C:\Dev\LaTeX\MikTeX\tex/latex/hyperref\pd1enc.def)
(C:\Users\jtkor\AppData\Roaming\MiKTeX\tex/generic/intcalc\intcalc.sty)
(C:\Dev\LaTeX\MikTeX\tex/latex/hyperref\puenc.def)
(C:\Users\jtkor\AppData\Roaming\MiKTeX\tex/generic/bitset\bitset.sty
(C:\Users\jtkor\AppData\Roaming\MiKTeX\tex/generic/bigintcalc\bigintcalc.sty)))
(C:\Dev\LaTeX\MikTeX\tex/latex/hyperref\hpdftex.def
(C:\Users\jtkor\AppData\Roaming\MiKTeX\tex/latex/rerunfilecheck\rerunfilecheck.
sty
(C:\Users\jtkor\AppData\Roaming\MiKTeX\tex/generic/uniquecounter\uniquecounter.
sty))) (C:\Users\jtkor\AppData\Roaming\MiKTeX\tex/latex/cleveref\cleveref.sty)
==> First Aid for cleveref.sty applied!
) (C:\Dev\LaTeX\MikTeX\tex/latex/lm\t1lmr.fd)
(C:\Dev\LaTeX\MikTeX\tex/latex/l3backend\l3backend-pdftex.def)
No file Paper-01.aux.
(C:\Users\jtkor\AppData\Roaming\MiKTeX\tex/latex/microtype\mt-cmr.cfg)
(C:\Dev\LaTeX\MikTeX\tex/context/base/mkii\supp-pdf.mkii
[Loading MPS to PDF converter (version 2006.09.02).]
) (C:\Dev\LaTeX\MikTeX\tex/latex/epstopdf-pkg\epstopdf-base.sty
(C:\Users\jtkor\AppData\Roaming\MiKTeX\tex/latex/grfext\grfext.sty)
(C:\Dev\LaTeX\MikTeX\tex/latex/00miktex\epstopdf-sys.cfg))
(C:\Dev\LaTeX\MikTeX\tex/latex/graphics\color.sty
(C:\Dev\LaTeX\MikTeX\tex/latex/graphics-cfg\color.cfg)
(C:\Dev\LaTeX\MikTeX\tex/latex/graphics\mathcolor.ltx))

Package natbib Warning: Citation `Math01v2' on page 1 undefined on input line 4
0.

(C:\Dev\LaTeX\MikTeX\tex/latex/lm\ot1lmr.fd)
(C:\Dev\LaTeX\MikTeX\tex/latex/lm\omllmm.fd)
(C:\Dev\LaTeX\MikTeX\tex/latex/lm\omslmsy.fd)
(C:\Dev\LaTeX\MikTeX\tex/latex/lm\omxlmex.fd)
(C:\Dev\LaTeX\MikTeX\tex/latex/amsfonts\umsa.fd)
(C:\Users\jtkor\AppData\Roaming\MiKTeX\tex/latex/microtype\mt-msa.cfg)
(C:\Dev\LaTeX\MikTeX\tex/latex/amsfonts\umsb.fd)
(C:\Users\jtkor\AppData\Roaming\MiKTeX\tex/latex/microtype\mt-msb.cfg)
(C:\Users\jtkor\AppData\Roaming\MiKTeX\tex/latex/jknappen\ursfs.fd)

Package natbib Warning: Citation `Math82AddF' on page 1 undefined on input line
 44.


Package natbib Warning: Citation `Math82AddH' on page 1 undefined on input line
 46.

(C:\Dev\LaTeX\MikTeX\tex/latex/lm\t1lmtt.fd)

Package natbib Warning: Citation `Math60' on page 1 undefined on input line 65.



Package natbib Warning: Citation `Math97' on page 1 undefined on input line 79.


[1{C:/Users/jtkor/AppData/Local/MiKTeX/fonts/map/pdftex/pdftex.map}{C:/Dev/LaTe
X/MikTeX/fonts/enc/dvips/lm/lm-ec.enc}{C:/Dev/LaTeX/MikTeX/fonts/enc/dvips/lm/l
m-mathsy.enc}{C:/Dev/LaTeX/MikTeX/fonts/enc/dvips/lm/lm-mathit.enc}{C:/Dev/LaTe
X/MikTeX/fonts/enc/dvips/lm/lm-rm.enc}]

LaTeX Warning: Reference `eq:brazovskii' on page 2 undefined on input line 121.


[2{C:/Dev/LaTeX/MikTeX/fonts/enc/dvips/lm/lm-mathex.enc}]

Package natbib Warning: Citation `Math01v2' on page 3 undefined on input line 1
79.

[3]

Package natbib Warning: Citation `Math82AddF' on page 4 undefined on input line
 199.


LaTeX Warning: Reference `rem:hessian' on page 4 undefined on input line 213.


Package natbib Warning: Citation `Math82AddH' on page 4 undefined on input line
 217.

(C:\Dev\LaTeX\MikTeX\tex/latex/lm\ts1lmr.fd) [4{C:/Dev/LaTeX/MikTeX/fonts/enc/d
vips/lm/lm-ts1.enc}]

Package natbib Warning: Citation `Math82AddF' on page 5 undefined on input line
 281.


LaTeX Warning: `h' float specifier changed to `ht'.

[5]

LaTeX Warning: Reference `thm:main' on page 6 undefined on input line 318.


LaTeX Warning: Reference `rem:hessian' on page 6 undefined on input line 337.

[6]
No file Paper-01.bbl.

Package natbib Warning: There were undefined citations.

[7] (Paper-01.aux)

LaTeX Warning: There were undefined references.


LaTeX Warning: Label(s) may have changed. Rerun to get cross-references right.


Package rerunfilecheck Warning: File `Paper-01.out' has changed.
(rerunfilecheck)                Rerun to get outlines right
(rerunfilecheck)                or use package `bookmark'.

 )<C:/Dev/LaTeX/MikTeX/fonts/type1/public/lm/lmbx10.pfb><C:/Dev/LaTeX/MikTeX/fo
nts/type1/public/lm/lmbx12.pfb><C:/Dev/LaTeX/MikTeX/fonts/type1/public/lm/lmbxi
10.pfb><C:/Dev/LaTeX/MikTeX/fonts/type1/public/lm/lmex10.pfb><C:/Dev/LaTeX/MikT
eX/fonts/type1/public/lm/lmmi10.pfb><C:/Dev/LaTeX/MikTeX/fonts/type1/public/lm/
lmmi8.pfb><C:/Dev/LaTeX/MikTeX/fonts/type1/public/lm/lmr10.pfb><C:/Dev/LaTeX/Mi
kTeX/fonts/type1/public/lm/lmr7.pfb><C:/Dev/LaTeX/MikTeX/fonts/type1/public/lm/
lmr8.pfb><C:/Dev/LaTeX/MikTeX/fonts/type1/public/lm/lmr9.pfb><C:/Dev/LaTeX/MikT
eX/fonts/type1/public/lm/lmri10.pfb><C:/Dev/LaTeX/MikTeX/fonts/type1/public/lm/
lmsy10.pfb><C:/Dev/LaTeX/MikTeX/fonts/type1/public/lm/lmsy6.pfb><C:/Dev/LaTeX/M
ikTeX/fonts/type1/public/lm/lmsy7.pfb><C:/Dev/LaTeX/MikTeX/fonts/type1/public/l
m/lmsy8.pfb><C:/Dev/LaTeX/MikTeX/fonts/type1/public/lm/lmtt10.pfb><C:/Dev/LaTeX
/MikTeX/fonts/type1/public/amsfonts/symbols/msam10.pfb><C:/Dev/LaTeX/MikTeX/fon
ts/type1/public/amsfonts/symbols/msbm10.pfb>
Output written on Paper-01.pdf (7 pages, 338709 bytes).
Transcript written on Paper-01.log.

[TECT-build] bibtex Paper-01
This is BibTeX, Version 0.99e (MiKTeX 26.2)
The top-level auxiliary file: Paper-01.aux
The style file: apsrev4-2.bst
Database file #1: Paper-01Notes.bib
Database file #2: ../_shared/tect-references.bib
apsrev4-2.bst 2019-01-14 (MD) hand-edited version of apsrev4-1.bst
Control: key (0) 
Control: author (72) initials jnrlst
Control: editor formatted (1) identically to author
Control: production of article title (-1) disabled
Control: page (0) single
Control: year (1) truncated
Control: production of eprint (0) enabled

[TECT-build] pass 2: pdflatex Paper-01
This is pdfTeX, Version 3.141592653-2.6-1.40.29 (MiKTeX 26.2) (preloaded format=pdflatex.fmt)
 restricted \write18 enabled.
entering extended mode
(Paper-01.tex
LaTeX2e <2025-11-01>
L3 programming layer <2026-03-20>
(../_shared/tect-preamble.tex
(C:\Users\jtkor\AppData\Roaming\MiKTeX\tex/latex/revtex\revtex4-2.cls
Document Class: revtex4-2 2022/06/05 4.2f (https://journals.aps.org/revtex/ for
 documentation)
ltxutil[2022/06/05 4.2f utilities package (portions licensed from W. E. Baxter 
web at superscript.com)]
ltxfront[2022/06/05 4.2f frontmatter package (AO,DPC,MD)]
ltxgrid[2022/06/05 4.2f page grid package (portions licensed from W. E. Baxter 
web at superscript.com)]
(C:\Users\jtkor\AppData\Roaming\MiKTeX\tex/latex/revtex\aps4-2.rtx)
(C:\Users\jtkor\AppData\Roaming\MiKTeX\tex/latex/revtex\aps11pt4-2.rtx)
(C:\Users\jtkor\AppData\Roaming\MiKTeX\tex/latex/textcase\textcase.sty)
(C:\Dev\LaTeX\MikTeX\tex/latex/amsfonts\amssymb.sty
(C:\Dev\LaTeX\MikTeX\tex/latex/amsfonts\amsfonts.sty))
(C:\Dev\LaTeX\MikTeX\tex/latex/amsmath\amsmath.sty
For additional information on amsmath, use the `?' option.
(C:\Dev\LaTeX\MikTeX\tex/latex/amsmath\amstext.sty
(C:\Dev\LaTeX\MikTeX\tex/latex/amsmath\amsgen.sty))
(C:\Dev\LaTeX\MikTeX\tex/latex/amsmath\amsbsy.sty)
(C:\Dev\LaTeX\MikTeX\tex/latex/amsmath\amsopn.sty))
(C:\Dev\LaTeX\MikTeX\tex/latex/url\url.sty)
(C:\Users\jtkor\AppData\Roaming\MiKTeX\tex/latex/natbib\natbib.sty)
(C:\Users\jtkor\AppData\Roaming\MiKTeX\tex/latex/revtex\revsymb4-2.sty))
(C:\Dev\LaTeX\MikTeX\tex/latex/base\fontenc.sty)
(C:\Dev\LaTeX\MikTeX\tex/latex/base\inputenc.sty)
(C:\Dev\LaTeX\MikTeX\tex/latex/lm\lmodern.sty)
(C:\Dev\LaTeX\MikTeX\tex/latex/base\textcomp.sty)
(C:\Users\jtkor\AppData\Roaming\MiKTeX\tex/latex/microtype\microtype.sty
(C:\Dev\LaTeX\MikTeX\tex/latex/graphics\keyval.sty)
(C:\Dev\LaTeX\MikTeX\tex/latex/etoolbox\etoolbox.sty)
(C:\Users\jtkor\AppData\Roaming\MiKTeX\tex/latex/microtype\microtype-pdftex.def
) (C:\Users\jtkor\AppData\Roaming\MiKTeX\tex/latex/microtype\microtype.cfg))
(C:\Dev\LaTeX\MikTeX\tex/latex/tools\bm.sty)
(C:\Users\jtkor\AppData\Roaming\MiKTeX\tex/latex/jknappen\mathrsfs.sty)
(C:\Users\jtkor\AppData\Roaming\MiKTeX\tex/latex/mathtools\mathtools.sty
(C:\Dev\LaTeX\MikTeX\tex/latex/tools\calc.sty)
(C:\Users\jtkor\AppData\Roaming\MiKTeX\tex/latex/mathtools\mhsetup.sty))
(C:\Users\jtkor\AppData\Roaming\MiKTeX\tex/latex/amscls\amsthm.sty)
(C:\Users\jtkor\AppData\Roaming\MiKTeX\tex/latex/booktabs\booktabs.sty)
(C:\Dev\LaTeX\MikTeX\tex/latex/tools\array.sty)
(C:\Dev\LaTeX\MikTeX\tex/latex/graphics\graphicx.sty
(C:\Dev\LaTeX\MikTeX\tex/latex/graphics\graphics.sty
(C:\Dev\LaTeX\MikTeX\tex/latex/graphics\trig.sty)
(C:\Dev\LaTeX\MikTeX\tex/latex/graphics-cfg\graphics.cfg)
(C:\Dev\LaTeX\MikTeX\tex/latex/graphics-def\pdftex.def)))
(C:\Users\jtkor\AppData\Roaming\MiKTeX\tex/latex/enumitem\enumitem.sty)
(C:\Users\jtkor\AppData\Roaming\MiKTeX\tex/latex/hyphenat\hyphenat.sty)
(C:\Users\jtkor\AppData\Roaming\MiKTeX\tex/latex/seqsplit\seqsplit.sty)
(C:\Dev\LaTeX\MikTeX\tex/latex/hyperref\hyperref.sty
(C:\Dev\LaTeX\MikTeX\tex/generic/iftex\iftex.sty)
(C:\Users\jtkor\AppData\Roaming\MiKTeX\tex/latex/kvsetkeys\kvsetkeys.sty)
(C:\Users\jtkor\AppData\Roaming\MiKTeX\tex/generic/kvdefinekeys\kvdefinekeys.st
y) (C:\Users\jtkor\AppData\Roaming\MiKTeX\tex/generic/pdfescape\pdfescape.sty
(C:\Users\jtkor\AppData\Roaming\MiKTeX\tex/generic/ltxcmds\ltxcmds.sty)
(C:\Dev\LaTeX\MikTeX\tex/generic/pdftexcmds\pdftexcmds.sty
(C:\Users\jtkor\AppData\Roaming\MiKTeX\tex/generic/infwarerr\infwarerr.sty)))
(C:\Users\jtkor\AppData\Roaming\MiKTeX\tex/latex/hycolor\hycolor.sty)
(C:\Dev\LaTeX\MikTeX\tex/latex/hyperref\nameref.sty
(C:\Users\jtkor\AppData\Roaming\MiKTeX\tex/latex/refcount\refcount.sty)
(C:\Users\jtkor\AppData\Roaming\MiKTeX\tex/generic/gettitlestring\gettitlestrin
g.sty (C:\Users\jtkor\AppData\Roaming\MiKTeX\tex/latex/kvoptions\kvoptions.sty)
)

Package nameref Warning: The definition of \label has changed! 
(nameref)                Check your packages! 
(nameref)                Replacing it with the kernel definition on input line 
161.

) (C:\Users\jtkor\AppData\Roaming\MiKTeX\tex/generic/stringenc\stringenc.sty)
(C:\Dev\LaTeX\MikTeX\tex/latex/hyperref\pd1enc.def)
(C:\Users\jtkor\AppData\Roaming\MiKTeX\tex/generic/intcalc\intcalc.sty)
(C:\Dev\LaTeX\MikTeX\tex/latex/hyperref\puenc.def)
(C:\Users\jtkor\AppData\Roaming\MiKTeX\tex/generic/bitset\bitset.sty
(C:\Users\jtkor\AppData\Roaming\MiKTeX\tex/generic/bigintcalc\bigintcalc.sty)))
(C:\Dev\LaTeX\MikTeX\tex/latex/hyperref\hpdftex.def
(C:\Users\jtkor\AppData\Roaming\MiKTeX\tex/latex/rerunfilecheck\rerunfilecheck.
sty
(C:\Users\jtkor\AppData\Roaming\MiKTeX\tex/generic/uniquecounter\uniquecounter.
sty))) (C:\Users\jtkor\AppData\Roaming\MiKTeX\tex/latex/cleveref\cleveref.sty)
==> First Aid for cleveref.sty applied!
) (C:\Dev\LaTeX\MikTeX\tex/latex/lm\t1lmr.fd)
(C:\Dev\LaTeX\MikTeX\tex/latex/l3backend\l3backend-pdftex.def) (Paper-01.aux)
(C:\Users\jtkor\AppData\Roaming\MiKTeX\tex/latex/microtype\mt-cmr.cfg)
(C:\Dev\LaTeX\MikTeX\tex/context/base/mkii\supp-pdf.mkii
[Loading MPS to PDF converter (version 2006.09.02).]
) (C:\Dev\LaTeX\MikTeX\tex/latex/epstopdf-pkg\epstopdf-base.sty
(C:\Users\jtkor\AppData\Roaming\MiKTeX\tex/latex/grfext\grfext.sty)
(C:\Dev\LaTeX\MikTeX\tex/latex/00miktex\epstopdf-sys.cfg))
(C:\Dev\LaTeX\MikTeX\tex/latex/graphics\color.sty
(C:\Dev\LaTeX\MikTeX\tex/latex/graphics-cfg\color.cfg)
(C:\Dev\LaTeX\MikTeX\tex/latex/graphics\mathcolor.ltx)) (Paper-01.out)
(Paper-01.out)

Package natbib Warning: Citation `Math01v2' on page 1 undefined on input line 4
0.

(C:\Dev\LaTeX\MikTeX\tex/latex/lm\ot1lmr.fd)
(C:\Dev\LaTeX\MikTeX\tex/latex/lm\omllmm.fd)
(C:\Dev\LaTeX\MikTeX\tex/latex/lm\omslmsy.fd)
(C:\Dev\LaTeX\MikTeX\tex/latex/lm\omxlmex.fd)
(C:\Dev\LaTeX\MikTeX\tex/latex/amsfonts\umsa.fd)
(C:\Users\jtkor\AppData\Roaming\MiKTeX\tex/latex/microtype\mt-msa.cfg)
(C:\Dev\LaTeX\MikTeX\tex/latex/amsfonts\umsb.fd)
(C:\Users\jtkor\AppData\Roaming\MiKTeX\tex/latex/microtype\mt-msb.cfg)
(C:\Users\jtkor\AppData\Roaming\MiKTeX\tex/latex/jknappen\ursfs.fd)

Package natbib Warning: Citation `Math82AddF' on page 1 undefined on input line
 44.


Package natbib Warning: Citation `Math82AddH' on page 1 undefined on input line
 46.

(C:\Dev\LaTeX\MikTeX\tex/latex/lm\t1lmtt.fd)

Package natbib Warning: Citation `Math60' on page 1 undefined on input line 65.



Package natbib Warning: Citation `Math97' on page 1 undefined on input line 79.


[1{C:/Users/jtkor/AppData/Local/MiKTeX/fonts/map/pdftex/pdftex.map}{C:/Dev/LaTe
X/MikTeX/fonts/enc/dvips/lm/lm-ec.enc}{C:/Dev/LaTeX/MikTeX/fonts/enc/dvips/lm/l
m-mathsy.enc}{C:/Dev/LaTeX/MikTeX/fonts/enc/dvips/lm/lm-mathit.enc}{C:/Dev/LaTe
X/MikTeX/fonts/enc/dvips/lm/lm-rm.enc}] [2{C:/Dev/LaTeX/MikTeX/fonts/enc/dvips/
lm/lm-mathex.enc}]

Package natbib Warning: Citation `Math01v2' on page 3 undefined on input line 1
79.

[3]

Package natbib Warning: Citation `Math82AddF' on page 4 undefined on input line
 199.


Package natbib Warning: Citation `Math82AddH' on page 4 undefined on input line
 217.

(C:\Dev\LaTeX\MikTeX\tex/latex/lm\ts1lmr.fd) [4{C:/Dev/LaTeX/MikTeX/fonts/enc/d
vips/lm/lm-ts1.enc}]

Package natbib Warning: Citation `Math82AddF' on page 5 undefined on input line
 281.


LaTeX Warning: `h' float specifier changed to `ht'.

[5] [6] (Paper-01.bbl

LaTeX Warning: Reference `LastBibItem' on page 7 undefined on input line 9.

)

Package natbib Warning: There were undefined citations.

[7] (Paper-01.aux

Package natbib Warning: Citation(s) may have changed.
(natbib)                Rerun to get citations correct.

)

LaTeX Warning: There were undefined references.


LaTeX Warning: Label(s) may have changed. Rerun to get cross-references right.


Package rerunfilecheck Warning: File `Paper-01.out' has changed.
(rerunfilecheck)                Rerun to get outlines right
(rerunfilecheck)                or use package `bookmark'.

 )<C:/Dev/LaTeX/MikTeX/fonts/type1/public/lm/lmbx10.pfb><C:/Dev/LaTeX/MikTeX/fo
nts/type1/public/lm/lmbx12.pfb><C:/Dev/LaTeX/MikTeX/fonts/type1/public/lm/lmbxi
10.pfb><C:/Dev/LaTeX/MikTeX/fonts/type1/public/lm/lmex10.pfb><C:/Dev/LaTeX/MikT
eX/fonts/type1/public/lm/lmmi10.pfb><C:/Dev/LaTeX/MikTeX/fonts/type1/public/lm/
lmmi8.pfb><C:/Dev/LaTeX/MikTeX/fonts/type1/public/lm/lmr10.pfb><C:/Dev/LaTeX/Mi
kTeX/fonts/type1/public/lm/lmr7.pfb><C:/Dev/LaTeX/MikTeX/fonts/type1/public/lm/
lmr8.pfb><C:/Dev/LaTeX/MikTeX/fonts/type1/public/lm/lmr9.pfb><C:/Dev/LaTeX/MikT
eX/fonts/type1/public/lm/lmri10.pfb><C:/Dev/LaTeX/MikTeX/fonts/type1/public/lm/
lmsy10.pfb><C:/Dev/LaTeX/MikTeX/fonts/type1/public/lm/lmsy6.pfb><C:/Dev/LaTeX/M
ikTeX/fonts/type1/public/lm/lmsy7.pfb><C:/Dev/LaTeX/MikTeX/fonts/type1/public/l
m/lmsy8.pfb><C:/Dev/LaTeX/MikTeX/fonts/type1/public/lm/lmtt10.pfb><C:/Dev/LaTeX
/MikTeX/fonts/type1/public/amsfonts/symbols/msam10.pfb><C:/Dev/LaTeX/MikTeX/fon
ts/type1/public/amsfonts/symbols/msbm10.pfb>
Output written on Paper-01.pdf (7 pages, 346301 bytes).
Transcript written on Paper-01.log.

[TECT-build] OK: C:\Dev\TECT2\Contents\Docs\papers\papers\Paper-01-Pillar1-Mass-Gap\Paper-01.pdf  (size = 338.2 KB)
